Time resolution is 1 ps
Note: Xử lý hoàn tất
Time: 6456554 ps  Iteration: 1  Process: /tb_IntegralImage/stim_proc  File: /home/hieu/workspace/vhdl_pj_end/tb.vhd
Note: mem_addr = 100
Time: 7476554 ps  Iteration: 0  Process: /tb_IntegralImage/stim_proc  File: /home/hieu/workspace/vhdl_pj_end/tb.vhd
Note: J(0,0) = -2147483648
Time: 7476554 ps  Iteration: 0  Process: /tb_IntegralImage/stim_proc  File: /home/hieu/workspace/vhdl_pj_end/tb.vhd
Note: mem_addr = 101
Time: 7496554 ps  Iteration: 0  Process: /tb_IntegralImage/stim_proc  File: /home/hieu/workspace/vhdl_pj_end/tb.vhd
Note: J(0,1) = 162
Time: 7496554 ps  Iteration: 0  Process: /tb_IntegralImage/stim_proc  File: /home/hieu/workspace/vhdl_pj_end/tb.vhd
Note: mem_addr = 102
Time: 7516554 ps  Iteration: 0  Process: /tb_IntegralImage/stim_proc  File: /home/hieu/workspace/vhdl_pj_end/tb.vhd
Note: J(0,2) = 0
Time: 7516554 ps  Iteration: 0  Process: /tb_IntegralImage/stim_proc  File: /home/hieu/workspace/vhdl_pj_end/tb.vhd
Note: mem_addr = 103
Time: 7536554 ps  Iteration: 0  Process: /tb_IntegralImage/stim_proc  File: /home/hieu/workspace/vhdl_pj_end/tb.vhd
Note: J(0,3) = 0
Time: 7536554 ps  Iteration: 0  Process: /tb_IntegralImage/stim_proc  File: /home/hieu/workspace/vhdl_pj_end/tb.vhd
Note: mem_addr = 104
Time: 7556554 ps  Iteration: 0  Process: /tb_IntegralImage/stim_proc  File: /home/hieu/workspace/vhdl_pj_end/tb.vhd
Note: J(0,4) = 0
Time: 7556554 ps  Iteration: 0  Process: /tb_IntegralImage/stim_proc  File: /home/hieu/workspace/vhdl_pj_end/tb.vhd
Note: mem_addr = 105
Time: 7576554 ps  Iteration: 0  Process: /tb_IntegralImage/stim_proc  File: /home/hieu/workspace/vhdl_pj_end/tb.vhd
Note: J(0,5) = 0
Time: 7576554 ps  Iteration: 0  Process: /tb_IntegralImage/stim_proc  File: /home/hieu/workspace/vhdl_pj_end/tb.vhd
Note: mem_addr = 106
Time: 7596554 ps  Iteration: 0  Process: /tb_IntegralImage/stim_proc  File: /home/hieu/workspace/vhdl_pj_end/tb.vhd
Note: J(0,6) = 0
Time: 7596554 ps  Iteration: 0  Process: /tb_IntegralImage/stim_proc  File: /home/hieu/workspace/vhdl_pj_end/tb.vhd
Note: mem_addr = 106
Time: 7616554 ps  Iteration: 0  Process: /tb_IntegralImage/stim_proc  File: /home/hieu/workspace/vhdl_pj_end/tb.vhd
Note: J(1,0) = 0
Time: 7616554 ps  Iteration: 0  Process: /tb_IntegralImage/stim_proc  File: /home/hieu/workspace/vhdl_pj_end/tb.vhd
Note: mem_addr = 107
Time: 7636554 ps  Iteration: 0  Process: /tb_IntegralImage/stim_proc  File: /home/hieu/workspace/vhdl_pj_end/tb.vhd
Note: J(1,1) = 0
Time: 7636554 ps  Iteration: 0  Process: /tb_IntegralImage/stim_proc  File: /home/hieu/workspace/vhdl_pj_end/tb.vhd
Note: mem_addr = 108
Time: 7656554 ps  Iteration: 0  Process: /tb_IntegralImage/stim_proc  File: /home/hieu/workspace/vhdl_pj_end/tb.vhd
Note: J(1,2) = 0
Time: 7656554 ps  Iteration: 0  Process: /tb_IntegralImage/stim_proc  File: /home/hieu/workspace/vhdl_pj_end/tb.vhd
Note: mem_addr = 109
Time: 7676554 ps  Iteration: 0  Process: /tb_IntegralImage/stim_proc  File: /home/hieu/workspace/vhdl_pj_end/tb.vhd
Note: J(1,3) = 0
Time: 7676554 ps  Iteration: 0  Process: /tb_IntegralImage/stim_proc  File: /home/hieu/workspace/vhdl_pj_end/tb.vhd
Note: mem_addr = 110
Time: 7696554 ps  Iteration: 0  Process: /tb_IntegralImage/stim_proc  File: /home/hieu/workspace/vhdl_pj_end/tb.vhd
Note: J(1,4) = 0
Time: 7696554 ps  Iteration: 0  Process: /tb_IntegralImage/stim_proc  File: /home/hieu/workspace/vhdl_pj_end/tb.vhd
Note: mem_addr = 111
Time: 7716554 ps  Iteration: 0  Process: /tb_IntegralImage/stim_proc  File: /home/hieu/workspace/vhdl_pj_end/tb.vhd
Note: J(1,5) = 0
Time: 7716554 ps  Iteration: 0  Process: /tb_IntegralImage/stim_proc  File: /home/hieu/workspace/vhdl_pj_end/tb.vhd
Note: mem_addr = 112
Time: 7736554 ps  Iteration: 0  Process: /tb_IntegralImage/stim_proc  File: /home/hieu/workspace/vhdl_pj_end/tb.vhd
Note: J(1,6) = 8
Time: 7736554 ps  Iteration: 0  Process: /tb_IntegralImage/stim_proc  File: /home/hieu/workspace/vhdl_pj_end/tb.vhd
Note: mem_addr = 112
Time: 7756554 ps  Iteration: 0  Process: /tb_IntegralImage/stim_proc  File: /home/hieu/workspace/vhdl_pj_end/tb.vhd
Note: J(2,0) = 23
Time: 7756554 ps  Iteration: 0  Process: /tb_IntegralImage/stim_proc  File: /home/hieu/workspace/vhdl_pj_end/tb.vhd
Note: mem_addr = 113
Time: 7776554 ps  Iteration: 0  Process: /tb_IntegralImage/stim_proc  File: /home/hieu/workspace/vhdl_pj_end/tb.vhd
Note: J(2,1) = 0
Time: 7776554 ps  Iteration: 0  Process: /tb_IntegralImage/stim_proc  File: /home/hieu/workspace/vhdl_pj_end/tb.vhd
Note: mem_addr = 114
Time: 7796554 ps  Iteration: 0  Process: /tb_IntegralImage/stim_proc  File: /home/hieu/workspace/vhdl_pj_end/tb.vhd
Note: J(2,2) = 0
Time: 7796554 ps  Iteration: 0  Process: /tb_IntegralImage/stim_proc  File: /home/hieu/workspace/vhdl_pj_end/tb.vhd
Note: mem_addr = 115
Time: 7816554 ps  Iteration: 0  Process: /tb_IntegralImage/stim_proc  File: /home/hieu/workspace/vhdl_pj_end/tb.vhd
Note: J(2,3) = 23
Time: 7816554 ps  Iteration: 0  Process: /tb_IntegralImage/stim_proc  File: /home/hieu/workspace/vhdl_pj_end/tb.vhd
Note: mem_addr = 116
Time: 7836554 ps  Iteration: 0  Process: /tb_IntegralImage/stim_proc  File: /home/hieu/workspace/vhdl_pj_end/tb.vhd
Note: J(2,4) = 28
Time: 7836554 ps  Iteration: 0  Process: /tb_IntegralImage/stim_proc  File: /home/hieu/workspace/vhdl_pj_end/tb.vhd
Note: mem_addr = 117
Time: 7856554 ps  Iteration: 0  Process: /tb_IntegralImage/stim_proc  File: /home/hieu/workspace/vhdl_pj_end/tb.vhd
Note: J(2,5) = 35
Time: 7856554 ps  Iteration: 0  Process: /tb_IntegralImage/stim_proc  File: /home/hieu/workspace/vhdl_pj_end/tb.vhd
Note: mem_addr = 118
Time: 7876554 ps  Iteration: 0  Process: /tb_IntegralImage/stim_proc  File: /home/hieu/workspace/vhdl_pj_end/tb.vhd
Note: J(2,6) = 57
Time: 7876554 ps  Iteration: 0  Process: /tb_IntegralImage/stim_proc  File: /home/hieu/workspace/vhdl_pj_end/tb.vhd
Note: mem_addr = 118
Time: 7896554 ps  Iteration: 0  Process: /tb_IntegralImage/stim_proc  File: /home/hieu/workspace/vhdl_pj_end/tb.vhd
Note: J(3,0) = 88
Time: 7896554 ps  Iteration: 0  Process: /tb_IntegralImage/stim_proc  File: /home/hieu/workspace/vhdl_pj_end/tb.vhd
Note: mem_addr = 119
Time: 7916554 ps  Iteration: 0  Process: /tb_IntegralImage/stim_proc  File: /home/hieu/workspace/vhdl_pj_end/tb.vhd
Note: J(3,1) = 0
Time: 7916554 ps  Iteration: 0  Process: /tb_IntegralImage/stim_proc  File: /home/hieu/workspace/vhdl_pj_end/tb.vhd
Note: mem_addr = 120
Time: 7936554 ps  Iteration: 0  Process: /tb_IntegralImage/stim_proc  File: /home/hieu/workspace/vhdl_pj_end/tb.vhd
Note: J(3,2) = 0
Time: 7936554 ps  Iteration: 0  Process: /tb_IntegralImage/stim_proc  File: /home/hieu/workspace/vhdl_pj_end/tb.vhd
Note: mem_addr = 121
Time: 7956554 ps  Iteration: 0  Process: /tb_IntegralImage/stim_proc  File: /home/hieu/workspace/vhdl_pj_end/tb.vhd
Note: J(3,3) = 27
Time: 7956554 ps  Iteration: 0  Process: /tb_IntegralImage/stim_proc  File: /home/hieu/workspace/vhdl_pj_end/tb.vhd
Note: mem_addr = 122
Time: 7976554 ps  Iteration: 0  Process: /tb_IntegralImage/stim_proc  File: /home/hieu/workspace/vhdl_pj_end/tb.vhd
Note: J(3,4) = 38
Time: 7976554 ps  Iteration: 0  Process: /tb_IntegralImage/stim_proc  File: /home/hieu/workspace/vhdl_pj_end/tb.vhd
Note: mem_addr = 123
Time: 7996554 ps  Iteration: 0  Process: /tb_IntegralImage/stim_proc  File: /home/hieu/workspace/vhdl_pj_end/tb.vhd
Note: J(3,5) = 58
Time: 7996554 ps  Iteration: 0  Process: /tb_IntegralImage/stim_proc  File: /home/hieu/workspace/vhdl_pj_end/tb.vhd
Note: mem_addr = 124
Time: 8016554 ps  Iteration: 0  Process: /tb_IntegralImage/stim_proc  File: /home/hieu/workspace/vhdl_pj_end/tb.vhd
Note: J(3,6) = 100
Time: 8016554 ps  Iteration: 0  Process: /tb_IntegralImage/stim_proc  File: /home/hieu/workspace/vhdl_pj_end/tb.vhd
Note: mem_addr = 124
Time: 8036554 ps  Iteration: 0  Process: /tb_IntegralImage/stim_proc  File: /home/hieu/workspace/vhdl_pj_end/tb.vhd
Note: J(4,0) = 153
Time: 8036554 ps  Iteration: 0  Process: /tb_IntegralImage/stim_proc  File: /home/hieu/workspace/vhdl_pj_end/tb.vhd
Note: mem_addr = 125
Time: 8056554 ps  Iteration: 0  Process: /tb_IntegralImage/stim_proc  File: /home/hieu/workspace/vhdl_pj_end/tb.vhd
Note: J(4,1) = 0
Time: 8056554 ps  Iteration: 0  Process: /tb_IntegralImage/stim_proc  File: /home/hieu/workspace/vhdl_pj_end/tb.vhd
Note: mem_addr = 126
Time: 8076554 ps  Iteration: 0  Process: /tb_IntegralImage/stim_proc  File: /home/hieu/workspace/vhdl_pj_end/tb.vhd
Note: J(4,2) = 0
Time: 8076554 ps  Iteration: 0  Process: /tb_IntegralImage/stim_proc  File: /home/hieu/workspace/vhdl_pj_end/tb.vhd
Note: mem_addr = 127
Time: 8096554 ps  Iteration: 0  Process: /tb_IntegralImage/stim_proc  File: /home/hieu/workspace/vhdl_pj_end/tb.vhd
Note: J(4,3) = 37
Time: 8096554 ps  Iteration: 0  Process: /tb_IntegralImage/stim_proc  File: /home/hieu/workspace/vhdl_pj_end/tb.vhd
Note: mem_addr = 128
Time: 8116554 ps  Iteration: 0  Process: /tb_IntegralImage/stim_proc  File: /home/hieu/workspace/vhdl_pj_end/tb.vhd
Note: J(4,4) = 60
Time: 8116554 ps  Iteration: 0  Process: /tb_IntegralImage/stim_proc  File: /home/hieu/workspace/vhdl_pj_end/tb.vhd
Note: mem_addr = 129
Time: 8136554 ps  Iteration: 0  Process: /tb_IntegralImage/stim_proc  File: /home/hieu/workspace/vhdl_pj_end/tb.vhd
Note: J(4,5) = 99
Time: 8136554 ps  Iteration: 0  Process: /tb_IntegralImage/stim_proc  File: /home/hieu/workspace/vhdl_pj_end/tb.vhd
Note: mem_addr = 130
Time: 8156554 ps  Iteration: 0  Process: /tb_IntegralImage/stim_proc  File: /home/hieu/workspace/vhdl_pj_end/tb.vhd
Note: J(4,6) = 162
Time: 8156554 ps  Iteration: 0  Process: /tb_IntegralImage/stim_proc  File: /home/hieu/workspace/vhdl_pj_end/tb.vhd
Note: mem_addr = 130
Time: 8176554 ps  Iteration: 0  Process: /tb_IntegralImage/stim_proc  File: /home/hieu/workspace/vhdl_pj_end/tb.vhd
Note: J(5,0) = 218
Time: 8176554 ps  Iteration: 0  Process: /tb_IntegralImage/stim_proc  File: /home/hieu/workspace/vhdl_pj_end/tb.vhd
Note: mem_addr = 131
Time: 8196554 ps  Iteration: 0  Process: /tb_IntegralImage/stim_proc  File: /home/hieu/workspace/vhdl_pj_end/tb.vhd
Note: J(5,1) = 0
Time: 8196554 ps  Iteration: 0  Process: /tb_IntegralImage/stim_proc  File: /home/hieu/workspace/vhdl_pj_end/tb.vhd
Note: mem_addr = 132
Time: 8216554 ps  Iteration: 0  Process: /tb_IntegralImage/stim_proc  File: /home/hieu/workspace/vhdl_pj_end/tb.vhd
Note: J(5,2) = 0
Time: 8216554 ps  Iteration: 0  Process: /tb_IntegralImage/stim_proc  File: /home/hieu/workspace/vhdl_pj_end/tb.vhd
Note: mem_addr = 133
Time: 8236554 ps  Iteration: 0  Process: /tb_IntegralImage/stim_proc  File: /home/hieu/workspace/vhdl_pj_end/tb.vhd
Note: J(5,3) = 48
Time: 8236554 ps  Iteration: 0  Process: /tb_IntegralImage/stim_proc  File: /home/hieu/workspace/vhdl_pj_end/tb.vhd
Note: mem_addr = 134
Time: 8256554 ps  Iteration: 0  Process: /tb_IntegralImage/stim_proc  File: /home/hieu/workspace/vhdl_pj_end/tb.vhd
Note: J(5,4) = 89
Time: 8256554 ps  Iteration: 0  Process: /tb_IntegralImage/stim_proc  File: /home/hieu/workspace/vhdl_pj_end/tb.vhd
Note: mem_addr = 135
Time: 8276554 ps  Iteration: 0  Process: /tb_IntegralImage/stim_proc  File: /home/hieu/workspace/vhdl_pj_end/tb.vhd
Note: J(5,5) = 153
Time: 8276554 ps  Iteration: 0  Process: /tb_IntegralImage/stim_proc  File: /home/hieu/workspace/vhdl_pj_end/tb.vhd
Note: mem_addr = 136
Time: 8296554 ps  Iteration: 0  Process: /tb_IntegralImage/stim_proc  File: /home/hieu/workspace/vhdl_pj_end/tb.vhd
Note: J(5,6) = 218
Time: 8296554 ps  Iteration: 0  Process: /tb_IntegralImage/stim_proc  File: /home/hieu/workspace/vhdl_pj_end/tb.vhd
