INFO: [VRFC 10-2263] Analyzing Verilog file "/home/hieu/workspace/vhdl_pj_end/project_3/project_3.sim/sim_1/impl/timing/xsim/tb_IntegralImage_time_impl.v" into library xil_defaultlib
INFO: [VRFC 10-311] analyzing module IBUF_UNIQ_BASE_
INFO: [VRFC 10-311] analyzing module IBUF_HD46
INFO: [VRFC 10-311] analyzing module IBUF_HD47
INFO: [VRFC 10-311] analyzing module IBUF_HD48
INFO: [VRFC 10-311] analyzing module IBUF_HD49
INFO: [VRFC 10-311] analyzing module IBUF_HD50
INFO: [VRFC 10-311] analyzing module IBUF_HD51
INFO: [VRFC 10-311] analyzing module IBUF_HD52
INFO: [VRFC 10-311] analyzing module IBUF_HD53
INFO: [VRFC 10-311] analyzing module IBUF_HD54
INFO: [VRFC 10-311] analyzing module IBUF_HD55
INFO: [VRFC 10-311] analyzing module IBUF_HD56
INFO: [VRFC 10-311] analyzing module IBUF_HD57
INFO: [VRFC 10-311] analyzing module IBUF_HD58
INFO: [VRFC 10-311] analyzing module IBUF_HD59
INFO: [VRFC 10-311] analyzing module IBUF_HD60
INFO: [VRFC 10-311] analyzing module IBUF_HD61
INFO: [VRFC 10-311] analyzing module IBUF_HD62
INFO: [VRFC 10-311] analyzing module IBUF_HD63
INFO: [VRFC 10-311] analyzing module IBUF_HD64
INFO: [VRFC 10-311] analyzing module IBUF_HD65
INFO: [VRFC 10-311] analyzing module IBUF_HD66
INFO: [VRFC 10-311] analyzing module IBUF_HD67
INFO: [VRFC 10-311] analyzing module IBUF_HD68
INFO: [VRFC 10-311] analyzing module IBUF_HD69
INFO: [VRFC 10-311] analyzing module IBUF_HD70
INFO: [VRFC 10-311] analyzing module IBUF_HD71
INFO: [VRFC 10-311] analyzing module IBUF_HD72
INFO: [VRFC 10-311] analyzing module IBUF_HD73
INFO: [VRFC 10-311] analyzing module IBUF_HD74
INFO: [VRFC 10-311] analyzing module IBUF_HD75
INFO: [VRFC 10-311] analyzing module IBUF_HD76
INFO: [VRFC 10-311] analyzing module IBUF_HD77
INFO: [VRFC 10-311] analyzing module IBUF_HD78
INFO: [VRFC 10-311] analyzing module IBUF_HD79
INFO: [VRFC 10-311] analyzing module IBUF_HD80
INFO: [VRFC 10-311] analyzing module IBUF_HD81
INFO: [VRFC 10-311] analyzing module IBUF_HD82
INFO: [VRFC 10-311] analyzing module IBUF_HD83
INFO: [VRFC 10-311] analyzing module IBUF_HD84
INFO: [VRFC 10-311] analyzing module IBUF_HD85
INFO: [VRFC 10-311] analyzing module IBUF_HD86
INFO: [VRFC 10-311] analyzing module IBUF_HD87
INFO: [VRFC 10-311] analyzing module IBUF_HD88
INFO: [VRFC 10-311] analyzing module IBUF_HD89
INFO: [VRFC 10-311] analyzing module IBUF_HD90
INFO: [VRFC 10-311] analyzing module IBUF_HD91
INFO: [VRFC 10-311] analyzing module IBUF_HD92
INFO: [VRFC 10-311] analyzing module IBUF_HD93
INFO: [VRFC 10-311] analyzing module IBUF_HD94
INFO: [VRFC 10-311] analyzing module IBUF_HD95
INFO: [VRFC 10-311] analyzing module IBUF_HD96
INFO: [VRFC 10-311] analyzing module IBUF_HD97
INFO: [VRFC 10-311] analyzing module IBUF_HD98
INFO: [VRFC 10-311] analyzing module IBUF_HD99
INFO: [VRFC 10-311] analyzing module RAM128X1S_UNIQ_BASE_
INFO: [VRFC 10-311] analyzing module RAM128X1S_HD1
INFO: [VRFC 10-311] analyzing module RAM128X1S_HD10
INFO: [VRFC 10-311] analyzing module RAM128X1S_HD11
INFO: [VRFC 10-311] analyzing module RAM128X1S_HD12
INFO: [VRFC 10-311] analyzing module RAM128X1S_HD13
INFO: [VRFC 10-311] analyzing module RAM128X1S_HD14
INFO: [VRFC 10-311] analyzing module RAM128X1S_HD15
INFO: [VRFC 10-311] analyzing module RAM128X1S_HD2
INFO: [VRFC 10-311] analyzing module RAM128X1S_HD3
INFO: [VRFC 10-311] analyzing module RAM128X1S_HD4
INFO: [VRFC 10-311] analyzing module RAM128X1S_HD5
INFO: [VRFC 10-311] analyzing module RAM128X1S_HD6
INFO: [VRFC 10-311] analyzing module RAM128X1S_HD7
INFO: [VRFC 10-311] analyzing module RAM128X1S_HD8
INFO: [VRFC 10-311] analyzing module RAM128X1S_HD9
INFO: [VRFC 10-311] analyzing module RAM32X1S_UNIQ_BASE_
INFO: [VRFC 10-311] analyzing module RAM32X1S_HD16
INFO: [VRFC 10-311] analyzing module RAM32X1S_HD17
INFO: [VRFC 10-311] analyzing module RAM32X1S_HD18
INFO: [VRFC 10-311] analyzing module RAM32X1S_HD19
INFO: [VRFC 10-311] analyzing module RAM32X1S_HD20
INFO: [VRFC 10-311] analyzing module RAM32X1S_HD21
INFO: [VRFC 10-311] analyzing module RAM32X1S_HD22
INFO: [VRFC 10-311] analyzing module RAM32X1S_HD23
INFO: [VRFC 10-311] analyzing module RAM32X1S_HD24
INFO: [VRFC 10-311] analyzing module RAM32X1S_HD25
INFO: [VRFC 10-311] analyzing module RAM32X1S_HD26
INFO: [VRFC 10-311] analyzing module RAM32X1S_HD27
INFO: [VRFC 10-311] analyzing module RAM32X1S_HD28
INFO: [VRFC 10-311] analyzing module RAM32X1S_HD29
INFO: [VRFC 10-311] analyzing module RAM32X1S_HD30
INFO: [VRFC 10-311] analyzing module RAM64X1S_UNIQ_BASE_
INFO: [VRFC 10-311] analyzing module RAM64X1S_HD31
INFO: [VRFC 10-311] analyzing module RAM64X1S_HD32
INFO: [VRFC 10-311] analyzing module RAM64X1S_HD33
INFO: [VRFC 10-311] analyzing module RAM64X1S_HD34
INFO: [VRFC 10-311] analyzing module RAM64X1S_HD35
INFO: [VRFC 10-311] analyzing module RAM64X1S_HD36
INFO: [VRFC 10-311] analyzing module RAM64X1S_HD37
INFO: [VRFC 10-311] analyzing module RAM64X1S_HD38
INFO: [VRFC 10-311] analyzing module RAM64X1S_HD39
INFO: [VRFC 10-311] analyzing module RAM64X1S_HD40
INFO: [VRFC 10-311] analyzing module RAM64X1S_HD41
INFO: [VRFC 10-311] analyzing module RAM64X1S_HD42
INFO: [VRFC 10-311] analyzing module RAM64X1S_HD43
INFO: [VRFC 10-311] analyzing module RAM64X1S_HD44
INFO: [VRFC 10-311] analyzing module RAM64X1S_HD45
INFO: [VRFC 10-311] analyzing module Compute
INFO: [VRFC 10-311] analyzing module Controller
INFO: [VRFC 10-311] analyzing module Counter
INFO: [VRFC 10-311] analyzing module Counter_0
INFO: [VRFC 10-311] analyzing module Datapath
INFO: [VRFC 10-311] analyzing module IntegralImage
INFO: [VRFC 10-311] analyzing module Memory
INFO: [VRFC 10-311] analyzing module Regn
INFO: [VRFC 10-311] analyzing module Regn_1
INFO: [VRFC 10-311] analyzing module Regn_2
INFO: [VRFC 10-311] analyzing module Regn_3
INFO: [VRFC 10-311] analyzing module glbl
INFO: [VRFC 10-163] Analyzing VHDL file "/home/hieu/workspace/vhdl_pj_end/tb.vhd" into library xil_defaultlib
INFO: [VRFC 10-3107] analyzing entity 'tb_IntegralImage'
