INFO: [VRFC 10-2263] Analyzing Verilog file "/home/hieu/workspace/vhdl_pj_end/project_3/project_3.sim/sim_1/impl/timing/xsim/tb_IntegralImage_time_impl.v" into library xil_defaultlib
INFO: [VRFC 10-311] analyzing module IBUF_UNIQ_BASE_
INFO: [VRFC 10-311] analyzing module IBUF_HD1
INFO: [VRFC 10-311] analyzing module IBUF_HD10
INFO: [VRFC 10-311] analyzing module IBUF_HD11
INFO: [VRFC 10-311] analyzing module IBUF_HD12
INFO: [VRFC 10-311] analyzing module IBUF_HD13
INFO: [VRFC 10-311] analyzing module IBUF_HD14
INFO: [VRFC 10-311] analyzing module IBUF_HD15
INFO: [VRFC 10-311] analyzing module IBUF_HD16
INFO: [VRFC 10-311] analyzing module IBUF_HD17
INFO: [VRFC 10-311] analyzing module IBUF_HD18
INFO: [VRFC 10-311] analyzing module IBUF_HD19
INFO: [VRFC 10-311] analyzing module IBUF_HD2
INFO: [VRFC 10-311] analyzing module IBUF_HD20
INFO: [VRFC 10-311] analyzing module IBUF_HD21
INFO: [VRFC 10-311] analyzing module IBUF_HD22
INFO: [VRFC 10-311] analyzing module IBUF_HD23
INFO: [VRFC 10-311] analyzing module IBUF_HD24
INFO: [VRFC 10-311] analyzing module IBUF_HD25
INFO: [VRFC 10-311] analyzing module IBUF_HD26
INFO: [VRFC 10-311] analyzing module IBUF_HD27
INFO: [VRFC 10-311] analyzing module IBUF_HD28
INFO: [VRFC 10-311] analyzing module IBUF_HD29
INFO: [VRFC 10-311] analyzing module IBUF_HD3
INFO: [VRFC 10-311] analyzing module IBUF_HD30
INFO: [VRFC 10-311] analyzing module IBUF_HD31
INFO: [VRFC 10-311] analyzing module IBUF_HD32
INFO: [VRFC 10-311] analyzing module IBUF_HD33
INFO: [VRFC 10-311] analyzing module IBUF_HD34
INFO: [VRFC 10-311] analyzing module IBUF_HD35
INFO: [VRFC 10-311] analyzing module IBUF_HD36
INFO: [VRFC 10-311] analyzing module IBUF_HD37
INFO: [VRFC 10-311] analyzing module IBUF_HD38
INFO: [VRFC 10-311] analyzing module IBUF_HD39
INFO: [VRFC 10-311] analyzing module IBUF_HD4
INFO: [VRFC 10-311] analyzing module IBUF_HD40
INFO: [VRFC 10-311] analyzing module IBUF_HD41
INFO: [VRFC 10-311] analyzing module IBUF_HD42
INFO: [VRFC 10-311] analyzing module IBUF_HD43
INFO: [VRFC 10-311] analyzing module IBUF_HD44
INFO: [VRFC 10-311] analyzing module IBUF_HD45
INFO: [VRFC 10-311] analyzing module IBUF_HD46
INFO: [VRFC 10-311] analyzing module IBUF_HD47
INFO: [VRFC 10-311] analyzing module IBUF_HD48
INFO: [VRFC 10-311] analyzing module IBUF_HD49
INFO: [VRFC 10-311] analyzing module IBUF_HD5
INFO: [VRFC 10-311] analyzing module IBUF_HD50
INFO: [VRFC 10-311] analyzing module IBUF_HD51
INFO: [VRFC 10-311] analyzing module IBUF_HD52
INFO: [VRFC 10-311] analyzing module IBUF_HD53
INFO: [VRFC 10-311] analyzing module IBUF_HD54
INFO: [VRFC 10-311] analyzing module IBUF_HD55
INFO: [VRFC 10-311] analyzing module IBUF_HD56
INFO: [VRFC 10-311] analyzing module IBUF_HD57
INFO: [VRFC 10-311] analyzing module IBUF_HD58
INFO: [VRFC 10-311] analyzing module IBUF_HD59
INFO: [VRFC 10-311] analyzing module IBUF_HD6
INFO: [VRFC 10-311] analyzing module IBUF_HD60
INFO: [VRFC 10-311] analyzing module IBUF_HD61
INFO: [VRFC 10-311] analyzing module IBUF_HD62
INFO: [VRFC 10-311] analyzing module IBUF_HD63
INFO: [VRFC 10-311] analyzing module IBUF_HD64
INFO: [VRFC 10-311] analyzing module IBUF_HD65
INFO: [VRFC 10-311] analyzing module IBUF_HD66
INFO: [VRFC 10-311] analyzing module IBUF_HD67
INFO: [VRFC 10-311] analyzing module IBUF_HD68
INFO: [VRFC 10-311] analyzing module IBUF_HD69
INFO: [VRFC 10-311] analyzing module IBUF_HD7
INFO: [VRFC 10-311] analyzing module IBUF_HD70
INFO: [VRFC 10-311] analyzing module IBUF_HD71
INFO: [VRFC 10-311] analyzing module IBUF_HD72
INFO: [VRFC 10-311] analyzing module IBUF_HD73
INFO: [VRFC 10-311] analyzing module IBUF_HD74
INFO: [VRFC 10-311] analyzing module IBUF_HD75
INFO: [VRFC 10-311] analyzing module IBUF_HD76
INFO: [VRFC 10-311] analyzing module IBUF_HD77
INFO: [VRFC 10-311] analyzing module IBUF_HD78
INFO: [VRFC 10-311] analyzing module IBUF_HD8
INFO: [VRFC 10-311] analyzing module IBUF_HD9
INFO: [VRFC 10-311] analyzing module Compute
INFO: [VRFC 10-311] analyzing module Controller
INFO: [VRFC 10-311] analyzing module Counter
INFO: [VRFC 10-311] analyzing module Counter_0
INFO: [VRFC 10-311] analyzing module Datapath
INFO: [VRFC 10-311] analyzing module IntegralImage
INFO: [VRFC 10-311] analyzing module Memory
INFO: [VRFC 10-311] analyzing module Regn
INFO: [VRFC 10-311] analyzing module Regn_1
INFO: [VRFC 10-311] analyzing module Regn_2
INFO: [VRFC 10-311] analyzing module Regn_3
INFO: [VRFC 10-311] analyzing module glbl
