Copyright 1986-2021 Xilinx, Inc. All Rights Reserved.
------------------------------------------------------------------------------------------
| Tool Version : Vivado v.2021.1 (lin64) Build 3247384 Thu Jun 10 19:36:07 MDT 2021
| Date         : Wed Jun 11 17:42:58 2025
| Host         : DESKTOP-4VU606L running 64-bit Ubuntu 22.04.5 LTS
| Command      : report_control_sets -verbose -file IntegralImage_control_sets_placed.rpt
| Design       : IntegralImage
| Device       : xc7k70t
------------------------------------------------------------------------------------------

Control Set Information

Table of Contents
-----------------
1. Summary
2. Histogram
3. Flip-Flop Distribution
4. Detailed Control Set Information

1. Summary
----------

+----------------------------------------------------------+-------+
|                          Status                          | Count |
+----------------------------------------------------------+-------+
| Total control sets                                       |     8 |
|    Minimum number of control sets                        |     8 |
|    Addition due to synthesis replication                 |     0 |
|    Addition due to physical synthesis replication        |     0 |
| Unused register locations in slices containing registers |    17 |
+----------------------------------------------------------+-------+
* Control sets can be merged at opt_design using control_set_merge or merge_equivalent_drivers
** Run report_qor_suggestions for automated merging and remapping suggestions


2. Histogram
------------

+--------------------+-------+
|       Fanout       | Count |
+--------------------+-------+
| Total control sets |     8 |
| >= 0 to < 4        |     0 |
| >= 4 to < 6        |     0 |
| >= 6 to < 8        |     0 |
| >= 8 to < 10       |     2 |
| >= 10 to < 12      |     0 |
| >= 12 to < 14      |     0 |
| >= 14 to < 16      |     0 |
| >= 16              |     6 |
+--------------------+-------+
* Control sets can be remapped at either synth_design or opt_design


3. Flip-Flop Distribution
-------------------------

+--------------+-----------------------+------------------------+-----------------+--------------+
| Clock Enable | Synchronous Set/Reset | Asynchronous Set/Reset | Total Registers | Total Slices |
+--------------+-----------------------+------------------------+-----------------+--------------+
| No           | No                    | No                     |               0 |            0 |
| No           | No                    | Yes                    |              21 |            6 |
| No           | Yes                   | No                     |               0 |            0 |
| Yes          | No                    | No                     |               0 |            0 |
| Yes          | No                    | Yes                    |              98 |           30 |
| Yes          | Yes                   | No                     |               0 |            0 |
+--------------+-----------------------+------------------------+-----------------+--------------+


4. Detailed Control Set Information
-----------------------------------

+----------------+-----------------------------------------------+------------------+------------------+----------------+--------------+
|  Clock Signal  |                 Enable Signal                 | Set/Reset Signal | Slice Load Count | Bel Load Count | Bels / Slice |
+----------------+-----------------------------------------------+------------------+------------------+----------------+--------------+
|  clk_IBUF_BUFG | CONTROLLER_INST/E[0]                          | rst_IBUF         |                2 |              9 |         4.50 |
|  clk_IBUF_BUFG | CONTROLLER_INST/FSM_onehot_STATE_reg[8]_0[0]  | rst_IBUF         |                4 |              9 |         2.25 |
|  clk_IBUF_BUFG | CONTROLLER_INST/FSM_onehot_STATE_reg[19]_0[0] | rst_IBUF         |                4 |             16 |         4.00 |
|  clk_IBUF_BUFG | CONTROLLER_INST/FSM_onehot_STATE_reg[19]_0[8] | rst_IBUF         |                7 |             16 |         2.29 |
|  clk_IBUF_BUFG | CONTROLLER_INST/FSM_onehot_STATE_reg[19]_0[2] | rst_IBUF         |                6 |             16 |         2.67 |
|  clk_IBUF_BUFG | CONTROLLER_INST/FSM_onehot_STATE_reg[19]_0[9] | rst_IBUF         |                3 |             16 |         5.33 |
|  clk_IBUF_BUFG | CONTROLLER_INST/FSM_onehot_STATE_reg[19]_0[7] | rst_IBUF         |                4 |             16 |         4.00 |
|  clk_IBUF_BUFG |                                               | rst_IBUF         |                6 |             21 |         3.50 |
+----------------+-----------------------------------------------+------------------+------------------+----------------+--------------+


