INFO: [VRFC 10-2263] Analyzing Verilog file "/home/hieu/workspace/vhdl_pj_end/project_2/project_2.sim/sim_1/synth/timing/xsim/tb_IntegralImage_time_synth.v" into library xil_defaultlib
INFO: [VRFC 10-311] analyzing module IBUF_UNIQ_BASE_
INFO: [VRFC 10-311] analyzing module IBUF_HD343
INFO: [VRFC 10-311] analyzing module IBUF_HD344
INFO: [VRFC 10-311] analyzing module IBUF_HD345
INFO: [VRFC 10-311] analyzing module IBUF_HD346
INFO: [VRFC 10-311] analyzing module IBUF_HD347
INFO: [VRFC 10-311] analyzing module IBUF_HD348
INFO: [VRFC 10-311] analyzing module IBUF_HD349
INFO: [VRFC 10-311] analyzing module IBUF_HD350
INFO: [VRFC 10-311] analyzing module IBUF_HD351
INFO: [VRFC 10-311] analyzing module IBUF_HD352
INFO: [VRFC 10-311] analyzing module IBUF_HD353
INFO: [VRFC 10-311] analyzing module IBUF_HD354
INFO: [VRFC 10-311] analyzing module IBUF_HD355
INFO: [VRFC 10-311] analyzing module IBUF_HD356
INFO: [VRFC 10-311] analyzing module IBUF_HD357
INFO: [VRFC 10-311] analyzing module IBUF_HD358
INFO: [VRFC 10-311] analyzing module IBUF_HD359
INFO: [VRFC 10-311] analyzing module IBUF_HD360
INFO: [VRFC 10-311] analyzing module IBUF_HD361
INFO: [VRFC 10-311] analyzing module IBUF_HD362
INFO: [VRFC 10-311] analyzing module IBUF_HD363
INFO: [VRFC 10-311] analyzing module IBUF_HD364
INFO: [VRFC 10-311] analyzing module IBUF_HD365
INFO: [VRFC 10-311] analyzing module IBUF_HD366
INFO: [VRFC 10-311] analyzing module IBUF_HD367
INFO: [VRFC 10-311] analyzing module IBUF_HD368
INFO: [VRFC 10-311] analyzing module IBUF_HD369
INFO: [VRFC 10-311] analyzing module IBUF_HD370
INFO: [VRFC 10-311] analyzing module IBUF_HD371
INFO: [VRFC 10-311] analyzing module IBUF_HD372
INFO: [VRFC 10-311] analyzing module IBUF_HD373
INFO: [VRFC 10-311] analyzing module IBUF_HD374
INFO: [VRFC 10-311] analyzing module IBUF_HD375
INFO: [VRFC 10-311] analyzing module IBUF_HD376
INFO: [VRFC 10-311] analyzing module IBUF_HD377
INFO: [VRFC 10-311] analyzing module IBUF_HD378
INFO: [VRFC 10-311] analyzing module IBUF_HD379
INFO: [VRFC 10-311] analyzing module IBUF_HD380
INFO: [VRFC 10-311] analyzing module IBUF_HD381
INFO: [VRFC 10-311] analyzing module IBUF_HD382
INFO: [VRFC 10-311] analyzing module IBUF_HD383
INFO: [VRFC 10-311] analyzing module IBUF_HD384
INFO: [VRFC 10-311] analyzing module IBUF_HD385
INFO: [VRFC 10-311] analyzing module IBUF_HD386
INFO: [VRFC 10-311] analyzing module IBUF_HD387
INFO: [VRFC 10-311] analyzing module IBUF_HD388
INFO: [VRFC 10-311] analyzing module IBUF_HD389
INFO: [VRFC 10-311] analyzing module IBUF_HD390
INFO: [VRFC 10-311] analyzing module IBUF_HD391
INFO: [VRFC 10-311] analyzing module IBUF_HD392
INFO: [VRFC 10-311] analyzing module IBUF_HD393
INFO: [VRFC 10-311] analyzing module IBUF_HD394
INFO: [VRFC 10-311] analyzing module IBUF_HD395
INFO: [VRFC 10-311] analyzing module IBUF_HD396
INFO: [VRFC 10-311] analyzing module RAM128X1S_UNIQ_BASE_
INFO: [VRFC 10-311] analyzing module RAM128X1S_HD298
INFO: [VRFC 10-311] analyzing module RAM128X1S_HD299
INFO: [VRFC 10-311] analyzing module RAM128X1S_HD300
INFO: [VRFC 10-311] analyzing module RAM128X1S_HD301
INFO: [VRFC 10-311] analyzing module RAM128X1S_HD302
INFO: [VRFC 10-311] analyzing module RAM128X1S_HD303
INFO: [VRFC 10-311] analyzing module RAM128X1S_HD304
INFO: [VRFC 10-311] analyzing module RAM128X1S_HD305
INFO: [VRFC 10-311] analyzing module RAM128X1S_HD306
INFO: [VRFC 10-311] analyzing module RAM128X1S_HD307
INFO: [VRFC 10-311] analyzing module RAM128X1S_HD308
INFO: [VRFC 10-311] analyzing module RAM128X1S_HD309
INFO: [VRFC 10-311] analyzing module RAM128X1S_HD310
INFO: [VRFC 10-311] analyzing module RAM128X1S_HD311
INFO: [VRFC 10-311] analyzing module RAM128X1S_HD312
INFO: [VRFC 10-311] analyzing module RAM32X1S_UNIQ_BASE_
INFO: [VRFC 10-311] analyzing module RAM32X1S_HD313
INFO: [VRFC 10-311] analyzing module RAM32X1S_HD314
INFO: [VRFC 10-311] analyzing module RAM32X1S_HD315
INFO: [VRFC 10-311] analyzing module RAM32X1S_HD316
INFO: [VRFC 10-311] analyzing module RAM32X1S_HD317
INFO: [VRFC 10-311] analyzing module RAM32X1S_HD318
INFO: [VRFC 10-311] analyzing module RAM32X1S_HD319
INFO: [VRFC 10-311] analyzing module RAM32X1S_HD320
INFO: [VRFC 10-311] analyzing module RAM32X1S_HD321
INFO: [VRFC 10-311] analyzing module RAM32X1S_HD322
INFO: [VRFC 10-311] analyzing module RAM32X1S_HD323
INFO: [VRFC 10-311] analyzing module RAM32X1S_HD324
INFO: [VRFC 10-311] analyzing module RAM32X1S_HD325
INFO: [VRFC 10-311] analyzing module RAM32X1S_HD326
INFO: [VRFC 10-311] analyzing module RAM32X1S_HD327
INFO: [VRFC 10-311] analyzing module RAM64X1S_UNIQ_BASE_
INFO: [VRFC 10-311] analyzing module RAM64X1S_HD328
INFO: [VRFC 10-311] analyzing module RAM64X1S_HD329
INFO: [VRFC 10-311] analyzing module RAM64X1S_HD330
INFO: [VRFC 10-311] analyzing module RAM64X1S_HD331
INFO: [VRFC 10-311] analyzing module RAM64X1S_HD332
INFO: [VRFC 10-311] analyzing module RAM64X1S_HD333
INFO: [VRFC 10-311] analyzing module RAM64X1S_HD334
INFO: [VRFC 10-311] analyzing module RAM64X1S_HD335
INFO: [VRFC 10-311] analyzing module RAM64X1S_HD336
INFO: [VRFC 10-311] analyzing module RAM64X1S_HD337
INFO: [VRFC 10-311] analyzing module RAM64X1S_HD338
INFO: [VRFC 10-311] analyzing module RAM64X1S_HD339
INFO: [VRFC 10-311] analyzing module RAM64X1S_HD340
INFO: [VRFC 10-311] analyzing module RAM64X1S_HD341
INFO: [VRFC 10-311] analyzing module RAM64X1S_HD342
INFO: [VRFC 10-311] analyzing module Compute
INFO: [VRFC 10-311] analyzing module Controller
INFO: [VRFC 10-311] analyzing module Counter
INFO: [VRFC 10-311] analyzing module Counter_0
INFO: [VRFC 10-311] analyzing module Datapath
INFO: [VRFC 10-311] analyzing module IntegralImage
INFO: [VRFC 10-311] analyzing module Memory
INFO: [VRFC 10-311] analyzing module Regn
INFO: [VRFC 10-311] analyzing module Regn_1
INFO: [VRFC 10-311] analyzing module Regn_2
INFO: [VRFC 10-311] analyzing module Regn_3
INFO: [VRFC 10-311] analyzing module Regn_4
INFO: [VRFC 10-311] analyzing module glbl
