Vivado Simulator v2021.1
Copyright 1986-1999, 2001-2021 Xilinx, Inc. All Rights Reserved.
Running: /home/hieu/tools/Vivado/Vivado/2021.1/bin/unwrapped/lnx64.o/xelab -wto ec834eff2172433386abd0e1006ef54b --incr --debug typical --relax --mt 8 --maxdelay -L xil_defaultlib -L simprims_ver -L secureip --snapshot tb_IntegralImage_time_synth -transport_int_delays -pulse_r 0 -pulse_int_r 0 -pulse_e 0 -pulse_int_e 0 xil_defaultlib.tb_IntegralImage xil_defaultlib.glbl -log elaborate.log 
Using 8 slave threads.
Starting static elaboration
Pass Through NonSizing Optimizer
Completed static elaboration
Starting simulation data flow analysis
Completed simulation data flow analysis
INFO: [XSIM 43-3451] SDF backannotation process started with SDF file "tb_IntegralImage_time_synth.sdf", for root module "tb_IntegralImage/uut".
INFO: [XSIM 43-3452] SDF backannotation was successful for SDF file "tb_IntegralImage_time_synth.sdf", for root module "tb_IntegralImage/uut".
Time Resolution for simulation is 1ps
Compiling package std.standard
Compiling package std.textio
Compiling package ieee.std_logic_1164
Compiling package ieee.numeric_std
Compiling package vl.vl_types
Compiling module xil_defaultlib.glbl
Compiling module simprims_ver.LUT5
Compiling module simprims_ver.x_lut2_mux4
Compiling module simprims_ver.LUT2
Compiling module simprims_ver.x_lut3_mux8
Compiling module simprims_ver.LUT3
Compiling module simprims_ver.LUT4
Compiling module simprims_ver.FDCE_default
Compiling module simprims_ver.FDPE_default
Compiling module simprims_ver.LUT6
Compiling module simprims_ver.x_lut1_mux2
Compiling module simprims_ver.LUT1(INIT=2'b01)
Compiling module xil_defaultlib.Controller
Compiling module xil_defaultlib.Counter
Compiling module simprims_ver.CARRY8
Compiling module xil_defaultlib.Counter_0
Compiling module xil_defaultlib.Compute
Compiling module simprims_ver.RAMB36E2(CASCADE_ORDER_B="FIRST"...
Compiling module simprims_ver.RAMB36E2(CASCADE_ORDER_B="MIDDLE...
Compiling module simprims_ver.RAMB36E2(CASCADE_ORDER_B="LAST",...
Compiling module simprims_ver.RAMB36E2(CASCADE_ORDER_B="FIRST"...
Compiling module simprims_ver.RAMB36E2(CASCADE_ORDER_B="MIDDLE...
Compiling module simprims_ver.RAMB36E2(CASCADE_ORDER_B="LAST",...
Compiling module simprims_ver.RAMB36E2(CASCADE_ORDER_B="FIRST"...
Compiling module simprims_ver.RAMB36E2(CASCADE_ORDER_B="MIDDLE...
Compiling module simprims_ver.RAMB36E2(CASCADE_ORDER_B="LAST",...
Compiling module simprims_ver.RAMB36E2(CASCADE_ORDER_B="FIRST"...
Compiling module simprims_ver.RAMB36E2(CASCADE_ORDER_B="LAST",...
Compiling module simprims_ver.FDRE_default
Compiling module xil_defaultlib.Memory
Compiling module xil_defaultlib.Regn
Compiling module xil_defaultlib.Regn_1
Compiling module xil_defaultlib.Regn_2
Compiling module xil_defaultlib.Regn_3
Compiling module xil_defaultlib.Datapath
Compiling module simprims_ver.IBUFCTRL_default
Compiling module simprims_ver.INBUF_default
Compiling module xil_defaultlib.IBUF_UNIQ_BASE_
Compiling module xil_defaultlib.IBUF_HD79
Compiling module xil_defaultlib.IBUF_HD80
Compiling module xil_defaultlib.IBUF_HD81
Compiling module xil_defaultlib.IBUF_HD82
Compiling module xil_defaultlib.IBUF_HD83
Compiling module xil_defaultlib.IBUF_HD84
Compiling module xil_defaultlib.IBUF_HD85
Compiling module simprims_ver.OBUF
Compiling module xil_defaultlib.IBUF_HD86
Compiling module xil_defaultlib.IBUF_HD87
Compiling module xil_defaultlib.IBUF_HD88
Compiling module xil_defaultlib.IBUF_HD89
Compiling module xil_defaultlib.IBUF_HD90
Compiling module xil_defaultlib.IBUF_HD91
Compiling module xil_defaultlib.IBUF_HD92
Compiling module xil_defaultlib.IBUF_HD93
Compiling module xil_defaultlib.IBUF_HD94
Compiling module xil_defaultlib.IBUF_HD95
Compiling module xil_defaultlib.IBUF_HD96
Compiling module xil_defaultlib.IBUF_HD97
Compiling module xil_defaultlib.IBUF_HD98
Compiling module xil_defaultlib.IBUF_HD99
Compiling module xil_defaultlib.IBUF_HD100
Compiling module xil_defaultlib.IBUF_HD101
Compiling module xil_defaultlib.IBUF_HD102
Compiling module xil_defaultlib.IBUF_HD103
Compiling module xil_defaultlib.IBUF_HD104
Compiling module xil_defaultlib.IBUF_HD105
Compiling module xil_defaultlib.IBUF_HD106
Compiling module xil_defaultlib.IBUF_HD107
Compiling module xil_defaultlib.IBUF_HD108
Compiling module xil_defaultlib.IBUF_HD109
Compiling module xil_defaultlib.IBUF_HD110
Compiling module xil_defaultlib.IBUF_HD111
Compiling module xil_defaultlib.IBUF_HD112
Compiling module xil_defaultlib.IBUF_HD113
Compiling module xil_defaultlib.IBUF_HD114
Compiling module xil_defaultlib.IBUF_HD115
Compiling module xil_defaultlib.IBUF_HD116
Compiling module xil_defaultlib.IBUF_HD117
Compiling module xil_defaultlib.IBUF_HD118
Compiling module xil_defaultlib.IBUF_HD119
Compiling module xil_defaultlib.IBUF_HD120
Compiling module xil_defaultlib.IBUF_HD121
Compiling module xil_defaultlib.IBUF_HD122
Compiling module xil_defaultlib.IBUF_HD123
Compiling module xil_defaultlib.IBUF_HD124
Compiling module xil_defaultlib.IBUF_HD125
Compiling module xil_defaultlib.IBUF_HD126
Compiling module xil_defaultlib.IBUF_HD127
Compiling module xil_defaultlib.IBUF_HD128
Compiling module xil_defaultlib.IBUF_HD129
Compiling module xil_defaultlib.IBUF_HD130
Compiling module xil_defaultlib.IBUF_HD131
Compiling module xil_defaultlib.IBUF_HD132
Compiling module xil_defaultlib.IBUF_HD133
Compiling module xil_defaultlib.IBUF_HD134
Compiling module xil_defaultlib.IBUF_HD135
Compiling module xil_defaultlib.IBUF_HD136
Compiling module xil_defaultlib.IBUF_HD137
Compiling module xil_defaultlib.IBUF_HD138
Compiling module simprims_ver.BUFGCE(CE_TYPE="ASYNC",SIM_DEVIC...
Compiling module xil_defaultlib.IBUF_HD139
Compiling module xil_defaultlib.IBUF_HD140
Compiling module xil_defaultlib.IBUF_HD141
Compiling module xil_defaultlib.IBUF_HD142
Compiling module xil_defaultlib.IBUF_HD143
Compiling module xil_defaultlib.IBUF_HD144
Compiling module xil_defaultlib.IBUF_HD145
Compiling module xil_defaultlib.IBUF_HD146
Compiling module xil_defaultlib.IBUF_HD147
Compiling module xil_defaultlib.IBUF_HD148
Compiling module xil_defaultlib.IBUF_HD149
Compiling module xil_defaultlib.IBUF_HD150
Compiling module xil_defaultlib.IBUF_HD151
Compiling module xil_defaultlib.IBUF_HD152
Compiling module xil_defaultlib.IBUF_HD153
Compiling module xil_defaultlib.IBUF_HD154
Compiling module xil_defaultlib.IBUF_HD155
Compiling module xil_defaultlib.IBUF_HD156
Compiling module xil_defaultlib.IntegralImage
Compiling architecture behavior of entity xil_defaultlib.tb_integralimage
Built simulation snapshot tb_IntegralImage_time_synth
