INFO: [VRFC 10-2263] Analyzing Verilog file "/home/hieu/workspace/vhdl_pj_end/project_3/project_3.sim/sim_1/synth/timing/xsim/tb_IntegralImage_time_synth.v" into library xil_defaultlib
INFO: [VRFC 10-311] analyzing module IBUF_UNIQ_BASE_
INFO: [VRFC 10-311] analyzing module IBUF_HD100
INFO: [VRFC 10-311] analyzing module IBUF_HD101
INFO: [VRFC 10-311] analyzing module IBUF_HD102
INFO: [VRFC 10-311] analyzing module IBUF_HD103
INFO: [VRFC 10-311] analyzing module IBUF_HD104
INFO: [VRFC 10-311] analyzing module IBUF_HD105
INFO: [VRFC 10-311] analyzing module IBUF_HD106
INFO: [VRFC 10-311] analyzing module IBUF_HD107
INFO: [VRFC 10-311] analyzing module IBUF_HD108
INFO: [VRFC 10-311] analyzing module IBUF_HD109
INFO: [VRFC 10-311] analyzing module IBUF_HD110
INFO: [VRFC 10-311] analyzing module IBUF_HD111
INFO: [VRFC 10-311] analyzing module IBUF_HD112
INFO: [VRFC 10-311] analyzing module IBUF_HD113
INFO: [VRFC 10-311] analyzing module IBUF_HD114
INFO: [VRFC 10-311] analyzing module IBUF_HD115
INFO: [VRFC 10-311] analyzing module IBUF_HD116
INFO: [VRFC 10-311] analyzing module IBUF_HD117
INFO: [VRFC 10-311] analyzing module IBUF_HD118
INFO: [VRFC 10-311] analyzing module IBUF_HD119
INFO: [VRFC 10-311] analyzing module IBUF_HD120
INFO: [VRFC 10-311] analyzing module IBUF_HD121
INFO: [VRFC 10-311] analyzing module IBUF_HD122
INFO: [VRFC 10-311] analyzing module IBUF_HD123
INFO: [VRFC 10-311] analyzing module IBUF_HD124
INFO: [VRFC 10-311] analyzing module IBUF_HD125
INFO: [VRFC 10-311] analyzing module IBUF_HD126
INFO: [VRFC 10-311] analyzing module IBUF_HD127
INFO: [VRFC 10-311] analyzing module IBUF_HD128
INFO: [VRFC 10-311] analyzing module IBUF_HD129
INFO: [VRFC 10-311] analyzing module IBUF_HD130
INFO: [VRFC 10-311] analyzing module IBUF_HD131
INFO: [VRFC 10-311] analyzing module IBUF_HD132
INFO: [VRFC 10-311] analyzing module IBUF_HD133
INFO: [VRFC 10-311] analyzing module IBUF_HD134
INFO: [VRFC 10-311] analyzing module IBUF_HD135
INFO: [VRFC 10-311] analyzing module IBUF_HD136
INFO: [VRFC 10-311] analyzing module IBUF_HD137
INFO: [VRFC 10-311] analyzing module IBUF_HD138
INFO: [VRFC 10-311] analyzing module IBUF_HD139
INFO: [VRFC 10-311] analyzing module IBUF_HD140
INFO: [VRFC 10-311] analyzing module IBUF_HD141
INFO: [VRFC 10-311] analyzing module IBUF_HD142
INFO: [VRFC 10-311] analyzing module IBUF_HD143
INFO: [VRFC 10-311] analyzing module IBUF_HD144
INFO: [VRFC 10-311] analyzing module IBUF_HD145
INFO: [VRFC 10-311] analyzing module IBUF_HD146
INFO: [VRFC 10-311] analyzing module IBUF_HD147
INFO: [VRFC 10-311] analyzing module IBUF_HD148
INFO: [VRFC 10-311] analyzing module IBUF_HD149
INFO: [VRFC 10-311] analyzing module IBUF_HD150
INFO: [VRFC 10-311] analyzing module IBUF_HD151
INFO: [VRFC 10-311] analyzing module IBUF_HD152
INFO: [VRFC 10-311] analyzing module IBUF_HD153
INFO: [VRFC 10-311] analyzing module IBUF_HD154
INFO: [VRFC 10-311] analyzing module IBUF_HD155
INFO: [VRFC 10-311] analyzing module IBUF_HD156
INFO: [VRFC 10-311] analyzing module IBUF_HD79
INFO: [VRFC 10-311] analyzing module IBUF_HD80
INFO: [VRFC 10-311] analyzing module IBUF_HD81
INFO: [VRFC 10-311] analyzing module IBUF_HD82
INFO: [VRFC 10-311] analyzing module IBUF_HD83
INFO: [VRFC 10-311] analyzing module IBUF_HD84
INFO: [VRFC 10-311] analyzing module IBUF_HD85
INFO: [VRFC 10-311] analyzing module IBUF_HD86
INFO: [VRFC 10-311] analyzing module IBUF_HD87
INFO: [VRFC 10-311] analyzing module IBUF_HD88
INFO: [VRFC 10-311] analyzing module IBUF_HD89
INFO: [VRFC 10-311] analyzing module IBUF_HD90
INFO: [VRFC 10-311] analyzing module IBUF_HD91
INFO: [VRFC 10-311] analyzing module IBUF_HD92
INFO: [VRFC 10-311] analyzing module IBUF_HD93
INFO: [VRFC 10-311] analyzing module IBUF_HD94
INFO: [VRFC 10-311] analyzing module IBUF_HD95
INFO: [VRFC 10-311] analyzing module IBUF_HD96
INFO: [VRFC 10-311] analyzing module IBUF_HD97
INFO: [VRFC 10-311] analyzing module IBUF_HD98
INFO: [VRFC 10-311] analyzing module IBUF_HD99
INFO: [VRFC 10-311] analyzing module Compute
INFO: [VRFC 10-311] analyzing module Controller
INFO: [VRFC 10-311] analyzing module Counter
INFO: [VRFC 10-311] analyzing module Counter_0
INFO: [VRFC 10-311] analyzing module Datapath
INFO: [VRFC 10-311] analyzing module IntegralImage
INFO: [VRFC 10-311] analyzing module Memory
INFO: [VRFC 10-311] analyzing module Regn
INFO: [VRFC 10-311] analyzing module Regn_1
INFO: [VRFC 10-311] analyzing module Regn_2
INFO: [VRFC 10-311] analyzing module Regn_3
INFO: [VRFC 10-311] analyzing module glbl
