Time resolution is 1 ps
Note: Xử lý hoàn tất
Time: 6450100 ps  Iteration: 1  Process: /tb_IntegralImage/stim_proc  File: /home/hieu/workspace/vhdl_pj_end/tb.vhd
Note: mem_addr = 100
Time: 7470100 ps  Iteration: 0  Process: /tb_IntegralImage/stim_proc  File: /home/hieu/workspace/vhdl_pj_end/tb.vhd
Note: J(0,0) = -2147483648
Time: 7470100 ps  Iteration: 0  Process: /tb_IntegralImage/stim_proc  File: /home/hieu/workspace/vhdl_pj_end/tb.vhd
Note: mem_addr = 101
Time: 7490100 ps  Iteration: 0  Process: /tb_IntegralImage/stim_proc  File: /home/hieu/workspace/vhdl_pj_end/tb.vhd
Note: J(0,1) = 181
Time: 7490100 ps  Iteration: 0  Process: /tb_IntegralImage/stim_proc  File: /home/hieu/workspace/vhdl_pj_end/tb.vhd
Note: mem_addr = 102
Time: 7510100 ps  Iteration: 0  Process: /tb_IntegralImage/stim_proc  File: /home/hieu/workspace/vhdl_pj_end/tb.vhd
Note: J(0,2) = 0
Time: 7510100 ps  Iteration: 0  Process: /tb_IntegralImage/stim_proc  File: /home/hieu/workspace/vhdl_pj_end/tb.vhd
Note: mem_addr = 103
Time: 7530100 ps  Iteration: 0  Process: /tb_IntegralImage/stim_proc  File: /home/hieu/workspace/vhdl_pj_end/tb.vhd
Note: J(0,3) = 0
Time: 7530100 ps  Iteration: 0  Process: /tb_IntegralImage/stim_proc  File: /home/hieu/workspace/vhdl_pj_end/tb.vhd
Note: mem_addr = 104
Time: 7550100 ps  Iteration: 0  Process: /tb_IntegralImage/stim_proc  File: /home/hieu/workspace/vhdl_pj_end/tb.vhd
Note: J(0,4) = 0
Time: 7550100 ps  Iteration: 0  Process: /tb_IntegralImage/stim_proc  File: /home/hieu/workspace/vhdl_pj_end/tb.vhd
Note: mem_addr = 105
Time: 7570100 ps  Iteration: 0  Process: /tb_IntegralImage/stim_proc  File: /home/hieu/workspace/vhdl_pj_end/tb.vhd
Note: J(0,5) = 0
Time: 7570100 ps  Iteration: 0  Process: /tb_IntegralImage/stim_proc  File: /home/hieu/workspace/vhdl_pj_end/tb.vhd
Note: mem_addr = 106
Time: 7590100 ps  Iteration: 0  Process: /tb_IntegralImage/stim_proc  File: /home/hieu/workspace/vhdl_pj_end/tb.vhd
Note: J(0,6) = 0
Time: 7590100 ps  Iteration: 0  Process: /tb_IntegralImage/stim_proc  File: /home/hieu/workspace/vhdl_pj_end/tb.vhd
Note: mem_addr = 106
Time: 7610100 ps  Iteration: 0  Process: /tb_IntegralImage/stim_proc  File: /home/hieu/workspace/vhdl_pj_end/tb.vhd
Note: J(1,0) = 0
Time: 7610100 ps  Iteration: 0  Process: /tb_IntegralImage/stim_proc  File: /home/hieu/workspace/vhdl_pj_end/tb.vhd
Note: mem_addr = 107
Time: 7630100 ps  Iteration: 0  Process: /tb_IntegralImage/stim_proc  File: /home/hieu/workspace/vhdl_pj_end/tb.vhd
Note: J(1,1) = 0
Time: 7630100 ps  Iteration: 0  Process: /tb_IntegralImage/stim_proc  File: /home/hieu/workspace/vhdl_pj_end/tb.vhd
Note: mem_addr = 108
Time: 7650100 ps  Iteration: 0  Process: /tb_IntegralImage/stim_proc  File: /home/hieu/workspace/vhdl_pj_end/tb.vhd
Note: J(1,2) = 0
Time: 7650100 ps  Iteration: 0  Process: /tb_IntegralImage/stim_proc  File: /home/hieu/workspace/vhdl_pj_end/tb.vhd
Note: mem_addr = 109
Time: 7670100 ps  Iteration: 0  Process: /tb_IntegralImage/stim_proc  File: /home/hieu/workspace/vhdl_pj_end/tb.vhd
Note: J(1,3) = 0
Time: 7670100 ps  Iteration: 0  Process: /tb_IntegralImage/stim_proc  File: /home/hieu/workspace/vhdl_pj_end/tb.vhd
Note: mem_addr = 110
Time: 7690100 ps  Iteration: 0  Process: /tb_IntegralImage/stim_proc  File: /home/hieu/workspace/vhdl_pj_end/tb.vhd
Note: J(1,4) = 0
Time: 7690100 ps  Iteration: 0  Process: /tb_IntegralImage/stim_proc  File: /home/hieu/workspace/vhdl_pj_end/tb.vhd
Note: mem_addr = 111
Time: 7710100 ps  Iteration: 0  Process: /tb_IntegralImage/stim_proc  File: /home/hieu/workspace/vhdl_pj_end/tb.vhd
Note: J(1,5) = 8
Time: 7710100 ps  Iteration: 0  Process: /tb_IntegralImage/stim_proc  File: /home/hieu/workspace/vhdl_pj_end/tb.vhd
Note: mem_addr = 112
Time: 7730100 ps  Iteration: 0  Process: /tb_IntegralImage/stim_proc  File: /home/hieu/workspace/vhdl_pj_end/tb.vhd
Note: J(1,6) = 23
Time: 7730100 ps  Iteration: 0  Process: /tb_IntegralImage/stim_proc  File: /home/hieu/workspace/vhdl_pj_end/tb.vhd
Note: mem_addr = 112
Time: 7750100 ps  Iteration: 0  Process: /tb_IntegralImage/stim_proc  File: /home/hieu/workspace/vhdl_pj_end/tb.vhd
Note: J(2,0) = 46
Time: 7750100 ps  Iteration: 0  Process: /tb_IntegralImage/stim_proc  File: /home/hieu/workspace/vhdl_pj_end/tb.vhd
Note: mem_addr = 113
Time: 7770100 ps  Iteration: 0  Process: /tb_IntegralImage/stim_proc  File: /home/hieu/workspace/vhdl_pj_end/tb.vhd
Note: J(2,1) = 0
Time: 7770100 ps  Iteration: 0  Process: /tb_IntegralImage/stim_proc  File: /home/hieu/workspace/vhdl_pj_end/tb.vhd
Note: mem_addr = 114
Time: 7790100 ps  Iteration: 0  Process: /tb_IntegralImage/stim_proc  File: /home/hieu/workspace/vhdl_pj_end/tb.vhd
Note: J(2,2) = 0
Time: 7790100 ps  Iteration: 0  Process: /tb_IntegralImage/stim_proc  File: /home/hieu/workspace/vhdl_pj_end/tb.vhd
Note: mem_addr = 115
Time: 7810100 ps  Iteration: 0  Process: /tb_IntegralImage/stim_proc  File: /home/hieu/workspace/vhdl_pj_end/tb.vhd
Note: J(2,3) = 5
Time: 7810100 ps  Iteration: 0  Process: /tb_IntegralImage/stim_proc  File: /home/hieu/workspace/vhdl_pj_end/tb.vhd
Note: mem_addr = 116
Time: 7830100 ps  Iteration: 0  Process: /tb_IntegralImage/stim_proc  File: /home/hieu/workspace/vhdl_pj_end/tb.vhd
Note: J(2,4) = 12
Time: 7830100 ps  Iteration: 0  Process: /tb_IntegralImage/stim_proc  File: /home/hieu/workspace/vhdl_pj_end/tb.vhd
Note: mem_addr = 117
Time: 7850100 ps  Iteration: 0  Process: /tb_IntegralImage/stim_proc  File: /home/hieu/workspace/vhdl_pj_end/tb.vhd
Note: J(2,5) = 34
Time: 7850100 ps  Iteration: 0  Process: /tb_IntegralImage/stim_proc  File: /home/hieu/workspace/vhdl_pj_end/tb.vhd
Note: mem_addr = 118
Time: 7870100 ps  Iteration: 0  Process: /tb_IntegralImage/stim_proc  File: /home/hieu/workspace/vhdl_pj_end/tb.vhd
Note: J(2,6) = 65
Time: 7870100 ps  Iteration: 0  Process: /tb_IntegralImage/stim_proc  File: /home/hieu/workspace/vhdl_pj_end/tb.vhd
Note: mem_addr = 118
Time: 7890100 ps  Iteration: 0  Process: /tb_IntegralImage/stim_proc  File: /home/hieu/workspace/vhdl_pj_end/tb.vhd
Note: J(3,0) = 92
Time: 7890100 ps  Iteration: 0  Process: /tb_IntegralImage/stim_proc  File: /home/hieu/workspace/vhdl_pj_end/tb.vhd
Note: mem_addr = 119
Time: 7910100 ps  Iteration: 0  Process: /tb_IntegralImage/stim_proc  File: /home/hieu/workspace/vhdl_pj_end/tb.vhd
Note: J(3,1) = 0
Time: 7910100 ps  Iteration: 0  Process: /tb_IntegralImage/stim_proc  File: /home/hieu/workspace/vhdl_pj_end/tb.vhd
Note: mem_addr = 120
Time: 7930100 ps  Iteration: 0  Process: /tb_IntegralImage/stim_proc  File: /home/hieu/workspace/vhdl_pj_end/tb.vhd
Note: J(3,2) = 0
Time: 7930100 ps  Iteration: 0  Process: /tb_IntegralImage/stim_proc  File: /home/hieu/workspace/vhdl_pj_end/tb.vhd
Note: mem_addr = 121
Time: 7950100 ps  Iteration: 0  Process: /tb_IntegralImage/stim_proc  File: /home/hieu/workspace/vhdl_pj_end/tb.vhd
Note: J(3,3) = 11
Time: 7950100 ps  Iteration: 0  Process: /tb_IntegralImage/stim_proc  File: /home/hieu/workspace/vhdl_pj_end/tb.vhd
Note: mem_addr = 122
Time: 7970100 ps  Iteration: 0  Process: /tb_IntegralImage/stim_proc  File: /home/hieu/workspace/vhdl_pj_end/tb.vhd
Note: J(3,4) = 31
Time: 7970100 ps  Iteration: 0  Process: /tb_IntegralImage/stim_proc  File: /home/hieu/workspace/vhdl_pj_end/tb.vhd
Note: mem_addr = 123
Time: 7990100 ps  Iteration: 0  Process: /tb_IntegralImage/stim_proc  File: /home/hieu/workspace/vhdl_pj_end/tb.vhd
Note: J(3,5) = 73
Time: 7990100 ps  Iteration: 0  Process: /tb_IntegralImage/stim_proc  File: /home/hieu/workspace/vhdl_pj_end/tb.vhd
Note: mem_addr = 124
Time: 8010100 ps  Iteration: 0  Process: /tb_IntegralImage/stim_proc  File: /home/hieu/workspace/vhdl_pj_end/tb.vhd
Note: J(3,6) = 126
Time: 8010100 ps  Iteration: 0  Process: /tb_IntegralImage/stim_proc  File: /home/hieu/workspace/vhdl_pj_end/tb.vhd
Note: mem_addr = 124
Time: 8030100 ps  Iteration: 0  Process: /tb_IntegralImage/stim_proc  File: /home/hieu/workspace/vhdl_pj_end/tb.vhd
Note: J(4,0) = 163
Time: 8030100 ps  Iteration: 0  Process: /tb_IntegralImage/stim_proc  File: /home/hieu/workspace/vhdl_pj_end/tb.vhd
Note: mem_addr = 125
Time: 8050100 ps  Iteration: 0  Process: /tb_IntegralImage/stim_proc  File: /home/hieu/workspace/vhdl_pj_end/tb.vhd
Note: J(4,1) = 0
Time: 8050100 ps  Iteration: 0  Process: /tb_IntegralImage/stim_proc  File: /home/hieu/workspace/vhdl_pj_end/tb.vhd
Note: mem_addr = 126
Time: 8070100 ps  Iteration: 0  Process: /tb_IntegralImage/stim_proc  File: /home/hieu/workspace/vhdl_pj_end/tb.vhd
Note: J(4,2) = 0
Time: 8070100 ps  Iteration: 0  Process: /tb_IntegralImage/stim_proc  File: /home/hieu/workspace/vhdl_pj_end/tb.vhd
Note: mem_addr = 127
Time: 8090100 ps  Iteration: 0  Process: /tb_IntegralImage/stim_proc  File: /home/hieu/workspace/vhdl_pj_end/tb.vhd
Note: J(4,3) = 23
Time: 8090100 ps  Iteration: 0  Process: /tb_IntegralImage/stim_proc  File: /home/hieu/workspace/vhdl_pj_end/tb.vhd
Note: mem_addr = 128
Time: 8110100 ps  Iteration: 0  Process: /tb_IntegralImage/stim_proc  File: /home/hieu/workspace/vhdl_pj_end/tb.vhd
Note: J(4,4) = 62
Time: 8110100 ps  Iteration: 0  Process: /tb_IntegralImage/stim_proc  File: /home/hieu/workspace/vhdl_pj_end/tb.vhd
Note: mem_addr = 129
Time: 8130100 ps  Iteration: 0  Process: /tb_IntegralImage/stim_proc  File: /home/hieu/workspace/vhdl_pj_end/tb.vhd
Note: J(4,5) = 125
Time: 8130100 ps  Iteration: 0  Process: /tb_IntegralImage/stim_proc  File: /home/hieu/workspace/vhdl_pj_end/tb.vhd
Note: mem_addr = 130
Time: 8150100 ps  Iteration: 0  Process: /tb_IntegralImage/stim_proc  File: /home/hieu/workspace/vhdl_pj_end/tb.vhd
Note: J(4,6) = 181
Time: 8150100 ps  Iteration: 0  Process: /tb_IntegralImage/stim_proc  File: /home/hieu/workspace/vhdl_pj_end/tb.vhd
Note: mem_addr = 130
Time: 8170100 ps  Iteration: 0  Process: /tb_IntegralImage/stim_proc  File: /home/hieu/workspace/vhdl_pj_end/tb.vhd
Note: J(5,0) = 229
Time: 8170100 ps  Iteration: 0  Process: /tb_IntegralImage/stim_proc  File: /home/hieu/workspace/vhdl_pj_end/tb.vhd
Note: mem_addr = 131
Time: 8190100 ps  Iteration: 0  Process: /tb_IntegralImage/stim_proc  File: /home/hieu/workspace/vhdl_pj_end/tb.vhd
Note: J(5,1) = 0
Time: 8190100 ps  Iteration: 0  Process: /tb_IntegralImage/stim_proc  File: /home/hieu/workspace/vhdl_pj_end/tb.vhd
Note: mem_addr = 132
Time: 8210100 ps  Iteration: 0  Process: /tb_IntegralImage/stim_proc  File: /home/hieu/workspace/vhdl_pj_end/tb.vhd
Note: J(5,2) = 0
Time: 8210100 ps  Iteration: 0  Process: /tb_IntegralImage/stim_proc  File: /home/hieu/workspace/vhdl_pj_end/tb.vhd
Note: mem_addr = 133
Time: 8230100 ps  Iteration: 0  Process: /tb_IntegralImage/stim_proc  File: /home/hieu/workspace/vhdl_pj_end/tb.vhd
Note: J(5,3) = 41
Time: 8230100 ps  Iteration: 0  Process: /tb_IntegralImage/stim_proc  File: /home/hieu/workspace/vhdl_pj_end/tb.vhd
Note: mem_addr = 134
Time: 8250100 ps  Iteration: 0  Process: /tb_IntegralImage/stim_proc  File: /home/hieu/workspace/vhdl_pj_end/tb.vhd
Note: J(5,4) = 105
Time: 8250100 ps  Iteration: 0  Process: /tb_IntegralImage/stim_proc  File: /home/hieu/workspace/vhdl_pj_end/tb.vhd
Note: mem_addr = 135
Time: 8270100 ps  Iteration: 0  Process: /tb_IntegralImage/stim_proc  File: /home/hieu/workspace/vhdl_pj_end/tb.vhd
Note: J(5,5) = 170
Time: 8270100 ps  Iteration: 0  Process: /tb_IntegralImage/stim_proc  File: /home/hieu/workspace/vhdl_pj_end/tb.vhd
Note: mem_addr = 136
Time: 8290100 ps  Iteration: 0  Process: /tb_IntegralImage/stim_proc  File: /home/hieu/workspace/vhdl_pj_end/tb.vhd
Note: J(5,6) = 235
Time: 8290100 ps  Iteration: 0  Process: /tb_IntegralImage/stim_proc  File: /home/hieu/workspace/vhdl_pj_end/tb.vhd
Note: Xử lý hoàn tất
Time: 6450100 ps  Iteration: 1  Process: /tb_IntegralImage/stim_proc  File: /home/hieu/workspace/vhdl_pj_end/tb.vhd
Note: mem_addr = 100
Time: 7470100 ps  Iteration: 0  Process: /tb_IntegralImage/stim_proc  File: /home/hieu/workspace/vhdl_pj_end/tb.vhd
Note: J(0,0) = -2147483648
Time: 7470100 ps  Iteration: 0  Process: /tb_IntegralImage/stim_proc  File: /home/hieu/workspace/vhdl_pj_end/tb.vhd
Note: mem_addr = 101
Time: 7490100 ps  Iteration: 0  Process: /tb_IntegralImage/stim_proc  File: /home/hieu/workspace/vhdl_pj_end/tb.vhd
Note: J(0,1) = 181
Time: 7490100 ps  Iteration: 0  Process: /tb_IntegralImage/stim_proc  File: /home/hieu/workspace/vhdl_pj_end/tb.vhd
Note: mem_addr = 102
Time: 7510100 ps  Iteration: 0  Process: /tb_IntegralImage/stim_proc  File: /home/hieu/workspace/vhdl_pj_end/tb.vhd
Note: J(0,2) = 0
Time: 7510100 ps  Iteration: 0  Process: /tb_IntegralImage/stim_proc  File: /home/hieu/workspace/vhdl_pj_end/tb.vhd
Note: mem_addr = 103
Time: 7530100 ps  Iteration: 0  Process: /tb_IntegralImage/stim_proc  File: /home/hieu/workspace/vhdl_pj_end/tb.vhd
Note: J(0,3) = 0
Time: 7530100 ps  Iteration: 0  Process: /tb_IntegralImage/stim_proc  File: /home/hieu/workspace/vhdl_pj_end/tb.vhd
Note: mem_addr = 104
Time: 7550100 ps  Iteration: 0  Process: /tb_IntegralImage/stim_proc  File: /home/hieu/workspace/vhdl_pj_end/tb.vhd
Note: J(0,4) = 0
Time: 7550100 ps  Iteration: 0  Process: /tb_IntegralImage/stim_proc  File: /home/hieu/workspace/vhdl_pj_end/tb.vhd
Note: mem_addr = 105
Time: 7570100 ps  Iteration: 0  Process: /tb_IntegralImage/stim_proc  File: /home/hieu/workspace/vhdl_pj_end/tb.vhd
Note: J(0,5) = 0
Time: 7570100 ps  Iteration: 0  Process: /tb_IntegralImage/stim_proc  File: /home/hieu/workspace/vhdl_pj_end/tb.vhd
Note: mem_addr = 106
Time: 7590100 ps  Iteration: 0  Process: /tb_IntegralImage/stim_proc  File: /home/hieu/workspace/vhdl_pj_end/tb.vhd
Note: J(0,6) = 0
Time: 7590100 ps  Iteration: 0  Process: /tb_IntegralImage/stim_proc  File: /home/hieu/workspace/vhdl_pj_end/tb.vhd
Note: mem_addr = 106
Time: 7610100 ps  Iteration: 0  Process: /tb_IntegralImage/stim_proc  File: /home/hieu/workspace/vhdl_pj_end/tb.vhd
Note: J(1,0) = 0
Time: 7610100 ps  Iteration: 0  Process: /tb_IntegralImage/stim_proc  File: /home/hieu/workspace/vhdl_pj_end/tb.vhd
Note: mem_addr = 107
Time: 7630100 ps  Iteration: 0  Process: /tb_IntegralImage/stim_proc  File: /home/hieu/workspace/vhdl_pj_end/tb.vhd
Note: J(1,1) = 0
Time: 7630100 ps  Iteration: 0  Process: /tb_IntegralImage/stim_proc  File: /home/hieu/workspace/vhdl_pj_end/tb.vhd
Note: mem_addr = 108
Time: 7650100 ps  Iteration: 0  Process: /tb_IntegralImage/stim_proc  File: /home/hieu/workspace/vhdl_pj_end/tb.vhd
Note: J(1,2) = 0
Time: 7650100 ps  Iteration: 0  Process: /tb_IntegralImage/stim_proc  File: /home/hieu/workspace/vhdl_pj_end/tb.vhd
Note: mem_addr = 109
Time: 7670100 ps  Iteration: 0  Process: /tb_IntegralImage/stim_proc  File: /home/hieu/workspace/vhdl_pj_end/tb.vhd
Note: J(1,3) = 0
Time: 7670100 ps  Iteration: 0  Process: /tb_IntegralImage/stim_proc  File: /home/hieu/workspace/vhdl_pj_end/tb.vhd
Note: mem_addr = 110
Time: 7690100 ps  Iteration: 0  Process: /tb_IntegralImage/stim_proc  File: /home/hieu/workspace/vhdl_pj_end/tb.vhd
Note: J(1,4) = 0
Time: 7690100 ps  Iteration: 0  Process: /tb_IntegralImage/stim_proc  File: /home/hieu/workspace/vhdl_pj_end/tb.vhd
Note: mem_addr = 111
Time: 7710100 ps  Iteration: 0  Process: /tb_IntegralImage/stim_proc  File: /home/hieu/workspace/vhdl_pj_end/tb.vhd
Note: J(1,5) = 8
Time: 7710100 ps  Iteration: 0  Process: /tb_IntegralImage/stim_proc  File: /home/hieu/workspace/vhdl_pj_end/tb.vhd
Note: mem_addr = 112
Time: 7730100 ps  Iteration: 0  Process: /tb_IntegralImage/stim_proc  File: /home/hieu/workspace/vhdl_pj_end/tb.vhd
Note: J(1,6) = 23
Time: 7730100 ps  Iteration: 0  Process: /tb_IntegralImage/stim_proc  File: /home/hieu/workspace/vhdl_pj_end/tb.vhd
Note: mem_addr = 112
Time: 7750100 ps  Iteration: 0  Process: /tb_IntegralImage/stim_proc  File: /home/hieu/workspace/vhdl_pj_end/tb.vhd
Note: J(2,0) = 46
Time: 7750100 ps  Iteration: 0  Process: /tb_IntegralImage/stim_proc  File: /home/hieu/workspace/vhdl_pj_end/tb.vhd
Note: mem_addr = 113
Time: 7770100 ps  Iteration: 0  Process: /tb_IntegralImage/stim_proc  File: /home/hieu/workspace/vhdl_pj_end/tb.vhd
Note: J(2,1) = 0
Time: 7770100 ps  Iteration: 0  Process: /tb_IntegralImage/stim_proc  File: /home/hieu/workspace/vhdl_pj_end/tb.vhd
Note: mem_addr = 114
Time: 7790100 ps  Iteration: 0  Process: /tb_IntegralImage/stim_proc  File: /home/hieu/workspace/vhdl_pj_end/tb.vhd
Note: J(2,2) = 0
Time: 7790100 ps  Iteration: 0  Process: /tb_IntegralImage/stim_proc  File: /home/hieu/workspace/vhdl_pj_end/tb.vhd
Note: mem_addr = 115
Time: 7810100 ps  Iteration: 0  Process: /tb_IntegralImage/stim_proc  File: /home/hieu/workspace/vhdl_pj_end/tb.vhd
Note: J(2,3) = 5
Time: 7810100 ps  Iteration: 0  Process: /tb_IntegralImage/stim_proc  File: /home/hieu/workspace/vhdl_pj_end/tb.vhd
Note: mem_addr = 116
Time: 7830100 ps  Iteration: 0  Process: /tb_IntegralImage/stim_proc  File: /home/hieu/workspace/vhdl_pj_end/tb.vhd
Note: J(2,4) = 12
Time: 7830100 ps  Iteration: 0  Process: /tb_IntegralImage/stim_proc  File: /home/hieu/workspace/vhdl_pj_end/tb.vhd
Note: mem_addr = 117
Time: 7850100 ps  Iteration: 0  Process: /tb_IntegralImage/stim_proc  File: /home/hieu/workspace/vhdl_pj_end/tb.vhd
Note: J(2,5) = 34
Time: 7850100 ps  Iteration: 0  Process: /tb_IntegralImage/stim_proc  File: /home/hieu/workspace/vhdl_pj_end/tb.vhd
Note: mem_addr = 118
Time: 7870100 ps  Iteration: 0  Process: /tb_IntegralImage/stim_proc  File: /home/hieu/workspace/vhdl_pj_end/tb.vhd
Note: J(2,6) = 65
Time: 7870100 ps  Iteration: 0  Process: /tb_IntegralImage/stim_proc  File: /home/hieu/workspace/vhdl_pj_end/tb.vhd
Note: mem_addr = 118
Time: 7890100 ps  Iteration: 0  Process: /tb_IntegralImage/stim_proc  File: /home/hieu/workspace/vhdl_pj_end/tb.vhd
Note: J(3,0) = 92
Time: 7890100 ps  Iteration: 0  Process: /tb_IntegralImage/stim_proc  File: /home/hieu/workspace/vhdl_pj_end/tb.vhd
Note: mem_addr = 119
Time: 7910100 ps  Iteration: 0  Process: /tb_IntegralImage/stim_proc  File: /home/hieu/workspace/vhdl_pj_end/tb.vhd
Note: J(3,1) = 0
Time: 7910100 ps  Iteration: 0  Process: /tb_IntegralImage/stim_proc  File: /home/hieu/workspace/vhdl_pj_end/tb.vhd
Note: mem_addr = 120
Time: 7930100 ps  Iteration: 0  Process: /tb_IntegralImage/stim_proc  File: /home/hieu/workspace/vhdl_pj_end/tb.vhd
Note: J(3,2) = 0
Time: 7930100 ps  Iteration: 0  Process: /tb_IntegralImage/stim_proc  File: /home/hieu/workspace/vhdl_pj_end/tb.vhd
Note: mem_addr = 121
Time: 7950100 ps  Iteration: 0  Process: /tb_IntegralImage/stim_proc  File: /home/hieu/workspace/vhdl_pj_end/tb.vhd
Note: J(3,3) = 11
Time: 7950100 ps  Iteration: 0  Process: /tb_IntegralImage/stim_proc  File: /home/hieu/workspace/vhdl_pj_end/tb.vhd
Note: mem_addr = 122
Time: 7970100 ps  Iteration: 0  Process: /tb_IntegralImage/stim_proc  File: /home/hieu/workspace/vhdl_pj_end/tb.vhd
Note: J(3,4) = 31
Time: 7970100 ps  Iteration: 0  Process: /tb_IntegralImage/stim_proc  File: /home/hieu/workspace/vhdl_pj_end/tb.vhd
Note: mem_addr = 123
Time: 7990100 ps  Iteration: 0  Process: /tb_IntegralImage/stim_proc  File: /home/hieu/workspace/vhdl_pj_end/tb.vhd
Note: J(3,5) = 73
Time: 7990100 ps  Iteration: 0  Process: /tb_IntegralImage/stim_proc  File: /home/hieu/workspace/vhdl_pj_end/tb.vhd
Note: mem_addr = 124
Time: 8010100 ps  Iteration: 0  Process: /tb_IntegralImage/stim_proc  File: /home/hieu/workspace/vhdl_pj_end/tb.vhd
Note: J(3,6) = 126
Time: 8010100 ps  Iteration: 0  Process: /tb_IntegralImage/stim_proc  File: /home/hieu/workspace/vhdl_pj_end/tb.vhd
Note: mem_addr = 124
Time: 8030100 ps  Iteration: 0  Process: /tb_IntegralImage/stim_proc  File: /home/hieu/workspace/vhdl_pj_end/tb.vhd
Note: J(4,0) = 163
Time: 8030100 ps  Iteration: 0  Process: /tb_IntegralImage/stim_proc  File: /home/hieu/workspace/vhdl_pj_end/tb.vhd
Note: mem_addr = 125
Time: 8050100 ps  Iteration: 0  Process: /tb_IntegralImage/stim_proc  File: /home/hieu/workspace/vhdl_pj_end/tb.vhd
Note: J(4,1) = 0
Time: 8050100 ps  Iteration: 0  Process: /tb_IntegralImage/stim_proc  File: /home/hieu/workspace/vhdl_pj_end/tb.vhd
Note: mem_addr = 126
Time: 8070100 ps  Iteration: 0  Process: /tb_IntegralImage/stim_proc  File: /home/hieu/workspace/vhdl_pj_end/tb.vhd
Note: J(4,2) = 0
Time: 8070100 ps  Iteration: 0  Process: /tb_IntegralImage/stim_proc  File: /home/hieu/workspace/vhdl_pj_end/tb.vhd
Note: mem_addr = 127
Time: 8090100 ps  Iteration: 0  Process: /tb_IntegralImage/stim_proc  File: /home/hieu/workspace/vhdl_pj_end/tb.vhd
Note: J(4,3) = 23
Time: 8090100 ps  Iteration: 0  Process: /tb_IntegralImage/stim_proc  File: /home/hieu/workspace/vhdl_pj_end/tb.vhd
Note: mem_addr = 128
Time: 8110100 ps  Iteration: 0  Process: /tb_IntegralImage/stim_proc  File: /home/hieu/workspace/vhdl_pj_end/tb.vhd
Note: J(4,4) = 62
Time: 8110100 ps  Iteration: 0  Process: /tb_IntegralImage/stim_proc  File: /home/hieu/workspace/vhdl_pj_end/tb.vhd
Note: mem_addr = 129
Time: 8130100 ps  Iteration: 0  Process: /tb_IntegralImage/stim_proc  File: /home/hieu/workspace/vhdl_pj_end/tb.vhd
Note: J(4,5) = 125
Time: 8130100 ps  Iteration: 0  Process: /tb_IntegralImage/stim_proc  File: /home/hieu/workspace/vhdl_pj_end/tb.vhd
Note: mem_addr = 130
Time: 8150100 ps  Iteration: 0  Process: /tb_IntegralImage/stim_proc  File: /home/hieu/workspace/vhdl_pj_end/tb.vhd
Note: J(4,6) = 181
Time: 8150100 ps  Iteration: 0  Process: /tb_IntegralImage/stim_proc  File: /home/hieu/workspace/vhdl_pj_end/tb.vhd
Note: mem_addr = 130
Time: 8170100 ps  Iteration: 0  Process: /tb_IntegralImage/stim_proc  File: /home/hieu/workspace/vhdl_pj_end/tb.vhd
Note: J(5,0) = 229
Time: 8170100 ps  Iteration: 0  Process: /tb_IntegralImage/stim_proc  File: /home/hieu/workspace/vhdl_pj_end/tb.vhd
Note: mem_addr = 131
Time: 8190100 ps  Iteration: 0  Process: /tb_IntegralImage/stim_proc  File: /home/hieu/workspace/vhdl_pj_end/tb.vhd
Note: J(5,1) = 0
Time: 8190100 ps  Iteration: 0  Process: /tb_IntegralImage/stim_proc  File: /home/hieu/workspace/vhdl_pj_end/tb.vhd
Note: mem_addr = 132
Time: 8210100 ps  Iteration: 0  Process: /tb_IntegralImage/stim_proc  File: /home/hieu/workspace/vhdl_pj_end/tb.vhd
Note: J(5,2) = 0
Time: 8210100 ps  Iteration: 0  Process: /tb_IntegralImage/stim_proc  File: /home/hieu/workspace/vhdl_pj_end/tb.vhd
Note: mem_addr = 133
Time: 8230100 ps  Iteration: 0  Process: /tb_IntegralImage/stim_proc  File: /home/hieu/workspace/vhdl_pj_end/tb.vhd
Note: J(5,3) = 41
Time: 8230100 ps  Iteration: 0  Process: /tb_IntegralImage/stim_proc  File: /home/hieu/workspace/vhdl_pj_end/tb.vhd
Note: mem_addr = 134
Time: 8250100 ps  Iteration: 0  Process: /tb_IntegralImage/stim_proc  File: /home/hieu/workspace/vhdl_pj_end/tb.vhd
Note: J(5,4) = 105
Time: 8250100 ps  Iteration: 0  Process: /tb_IntegralImage/stim_proc  File: /home/hieu/workspace/vhdl_pj_end/tb.vhd
Note: mem_addr = 135
Time: 8270100 ps  Iteration: 0  Process: /tb_IntegralImage/stim_proc  File: /home/hieu/workspace/vhdl_pj_end/tb.vhd
Note: J(5,5) = 170
Time: 8270100 ps  Iteration: 0  Process: /tb_IntegralImage/stim_proc  File: /home/hieu/workspace/vhdl_pj_end/tb.vhd
Note: mem_addr = 136
Time: 8290100 ps  Iteration: 0  Process: /tb_IntegralImage/stim_proc  File: /home/hieu/workspace/vhdl_pj_end/tb.vhd
Note: J(5,6) = 235
Time: 8290100 ps  Iteration: 0  Process: /tb_IntegralImage/stim_proc  File: /home/hieu/workspace/vhdl_pj_end/tb.vhd
