Copyright 1986-2021 Xilinx, Inc. All Rights Reserved.
---------------------------------------------------------------------------------------------------------------------------------
| Tool Version : Vivado v.2021.1 (lin64) Build 3247384 Thu Jun 10 19:36:07 MDT 2021
| Date         : Wed Jun 11 19:03:15 2025
| Host         : DESKTOP-4VU606L running 64-bit Ubuntu 22.04.5 LTS
| Command      : report_drc -file IntegralImage_drc_routed.rpt -pb IntegralImage_drc_routed.pb -rpx IntegralImage_drc_routed.rpx
| Design       : IntegralImage
| Device       : xczu7ev-ffvc1156-2-e
| Speed File   : -2
| Design State : Fully Routed
---------------------------------------------------------------------------------------------------------------------------------

Report DRC

Table of Contents
-----------------
1. REPORT SUMMARY
2. REPORT DETAILS

1. REPORT SUMMARY
-----------------
            Netlist: netlist
          Floorplan: design_1
      Design limits: <entire design considered>
           Ruledeck: default
             Max violations: <unlimited>
             Violations found: 2
+--------+------------------+----------------------------+------------+
| Rule   | Severity         | Description                | Violations |
+--------+------------------+----------------------------+------------+
| NSTD-1 | Critical Warning | Unspecified I/O Standard   | 1          |
| UCIO-1 | Critical Warning | Unconstrained Logical Port | 1          |
+--------+------------------+----------------------------+------------+

2. REPORT DETAILS
-----------------
NSTD-1#1 Critical Warning
Unspecified I/O Standard  
73 out of 73 logical ports use I/O standard (IOSTANDARD) value 'DEFAULT', instead of a user assigned specific value. This may cause I/O contention or incompatibility with the board power or connectivity affecting performance, signal integrity or in extreme cases cause damage to the device or the components to which it is connected. To correct this violation, specify all I/O standards. This design will fail to generate a bitstream unless all logical ports have a user specified I/O standard value defined. To allow bitstream creation with unspecified I/O standard values (not recommended), use this command: set_property SEVERITY {Warning} [get_drc_checks NSTD-1].  NOTE: When using the Vivado Runs infrastructure (e.g. launch_runs Tcl command), add this command to a .tcl file and add that file as a pre-hook for write_bitstream step for the implementation run. Problem ports: Data_in[7:0], Data_out[15:0], IMAGE_HEIGHT[8:0], IMAGE_WIDTH[8:0],
base_input_addr[0], base_input_addr[1], base_input_addr[2],
base_input_addr[3], base_input_addr[4], base_input_addr[5],
base_input_addr[6], base_input_addr[7], base_output_addr[5],
base_output_addr[6], base_output_addr[7] (the first 15 of 35 listed).
Related violations: <none>

UCIO-1#1 Critical Warning
Unconstrained Logical Port  
73 out of 73 logical ports have no user assigned specific location constraint (LOC). This may cause I/O contention or incompatibility with the board power or connectivity affecting performance, signal integrity or in extreme cases cause damage to the device or the components to which it is connected. To correct this violation, specify all pin locations. This design will fail to generate a bitstream unless all logical ports have a user specified site LOC constraint defined.  To allow bitstream creation with unspecified pin locations (not recommended), use this command: set_property SEVERITY {Warning} [get_drc_checks UCIO-1].  NOTE: When using the Vivado Runs infrastructure (e.g. launch_runs Tcl command), add this command to a .tcl file and add that file as a pre-hook for write_bitstream step for the implementation run.  Problem ports: Data_in[7:0], Data_out[15:0], IMAGE_HEIGHT[8:0], IMAGE_WIDTH[8:0],
base_input_addr[0], base_input_addr[1], base_input_addr[2],
base_input_addr[3], base_input_addr[4], base_input_addr[5],
base_input_addr[6], base_input_addr[7], base_output_addr[5],
base_output_addr[6], base_output_addr[7] (the first 15 of 35 listed).
Related violations: <none>


