INFO: [VRFC 10-2263] Analyzing Verilog file "/home/hieu/workspace/vhdl_pj_end/project_2/project_2.sim/sim_1/impl/timing/xsim/tb_IntegralImage_time_impl.v" into library xil_defaultlib
INFO: [VRFC 10-311] analyzing module IBUF_UNIQ_BASE_
INFO: [VRFC 10-311] analyzing module IBUF_HD541
INFO: [VRFC 10-311] analyzing module IBUF_HD542
INFO: [VRFC 10-311] analyzing module IBUF_HD543
INFO: [VRFC 10-311] analyzing module IBUF_HD544
INFO: [VRFC 10-311] analyzing module IBUF_HD545
INFO: [VRFC 10-311] analyzing module IBUF_HD546
INFO: [VRFC 10-311] analyzing module IBUF_HD547
INFO: [VRFC 10-311] analyzing module IBUF_HD548
INFO: [VRFC 10-311] analyzing module IBUF_HD549
INFO: [VRFC 10-311] analyzing module IBUF_HD550
INFO: [VRFC 10-311] analyzing module IBUF_HD551
INFO: [VRFC 10-311] analyzing module IBUF_HD552
INFO: [VRFC 10-311] analyzing module IBUF_HD553
INFO: [VRFC 10-311] analyzing module IBUF_HD554
INFO: [VRFC 10-311] analyzing module IBUF_HD555
INFO: [VRFC 10-311] analyzing module IBUF_HD556
INFO: [VRFC 10-311] analyzing module IBUF_HD557
INFO: [VRFC 10-311] analyzing module IBUF_HD558
INFO: [VRFC 10-311] analyzing module IBUF_HD559
INFO: [VRFC 10-311] analyzing module IBUF_HD560
INFO: [VRFC 10-311] analyzing module IBUF_HD561
INFO: [VRFC 10-311] analyzing module IBUF_HD562
INFO: [VRFC 10-311] analyzing module IBUF_HD563
INFO: [VRFC 10-311] analyzing module IBUF_HD564
INFO: [VRFC 10-311] analyzing module IBUF_HD565
INFO: [VRFC 10-311] analyzing module IBUF_HD566
INFO: [VRFC 10-311] analyzing module IBUF_HD567
INFO: [VRFC 10-311] analyzing module IBUF_HD568
INFO: [VRFC 10-311] analyzing module IBUF_HD569
INFO: [VRFC 10-311] analyzing module IBUF_HD570
INFO: [VRFC 10-311] analyzing module IBUF_HD571
INFO: [VRFC 10-311] analyzing module IBUF_HD572
INFO: [VRFC 10-311] analyzing module IBUF_HD573
INFO: [VRFC 10-311] analyzing module IBUF_HD574
INFO: [VRFC 10-311] analyzing module IBUF_HD575
INFO: [VRFC 10-311] analyzing module IBUF_HD576
INFO: [VRFC 10-311] analyzing module IBUF_HD577
INFO: [VRFC 10-311] analyzing module IBUF_HD578
INFO: [VRFC 10-311] analyzing module IBUF_HD579
INFO: [VRFC 10-311] analyzing module IBUF_HD580
INFO: [VRFC 10-311] analyzing module IBUF_HD581
INFO: [VRFC 10-311] analyzing module IBUF_HD582
INFO: [VRFC 10-311] analyzing module IBUF_HD583
INFO: [VRFC 10-311] analyzing module IBUF_HD584
INFO: [VRFC 10-311] analyzing module IBUF_HD585
INFO: [VRFC 10-311] analyzing module IBUF_HD586
INFO: [VRFC 10-311] analyzing module IBUF_HD587
INFO: [VRFC 10-311] analyzing module IBUF_HD588
INFO: [VRFC 10-311] analyzing module IBUF_HD589
INFO: [VRFC 10-311] analyzing module IBUF_HD590
INFO: [VRFC 10-311] analyzing module IBUF_HD591
INFO: [VRFC 10-311] analyzing module IBUF_HD592
INFO: [VRFC 10-311] analyzing module IBUF_HD593
INFO: [VRFC 10-311] analyzing module IBUF_HD594
INFO: [VRFC 10-311] analyzing module RAM128X1S_UNIQ_BASE_
INFO: [VRFC 10-311] analyzing module RAM128X1S_HD496
INFO: [VRFC 10-311] analyzing module RAM128X1S_HD497
INFO: [VRFC 10-311] analyzing module RAM128X1S_HD498
INFO: [VRFC 10-311] analyzing module RAM128X1S_HD499
INFO: [VRFC 10-311] analyzing module RAM128X1S_HD500
INFO: [VRFC 10-311] analyzing module RAM128X1S_HD501
INFO: [VRFC 10-311] analyzing module RAM128X1S_HD502
INFO: [VRFC 10-311] analyzing module RAM128X1S_HD503
INFO: [VRFC 10-311] analyzing module RAM128X1S_HD504
INFO: [VRFC 10-311] analyzing module RAM128X1S_HD505
INFO: [VRFC 10-311] analyzing module RAM128X1S_HD506
INFO: [VRFC 10-311] analyzing module RAM128X1S_HD507
INFO: [VRFC 10-311] analyzing module RAM128X1S_HD508
INFO: [VRFC 10-311] analyzing module RAM128X1S_HD509
INFO: [VRFC 10-311] analyzing module RAM128X1S_HD510
INFO: [VRFC 10-311] analyzing module RAM32X1S_UNIQ_BASE_
INFO: [VRFC 10-311] analyzing module RAM32X1S_HD511
INFO: [VRFC 10-311] analyzing module RAM32X1S_HD512
INFO: [VRFC 10-311] analyzing module RAM32X1S_HD513
INFO: [VRFC 10-311] analyzing module RAM32X1S_HD514
INFO: [VRFC 10-311] analyzing module RAM32X1S_HD515
INFO: [VRFC 10-311] analyzing module RAM32X1S_HD516
INFO: [VRFC 10-311] analyzing module RAM32X1S_HD517
INFO: [VRFC 10-311] analyzing module RAM32X1S_HD518
INFO: [VRFC 10-311] analyzing module RAM32X1S_HD519
INFO: [VRFC 10-311] analyzing module RAM32X1S_HD520
INFO: [VRFC 10-311] analyzing module RAM32X1S_HD521
INFO: [VRFC 10-311] analyzing module RAM32X1S_HD522
INFO: [VRFC 10-311] analyzing module RAM32X1S_HD523
INFO: [VRFC 10-311] analyzing module RAM32X1S_HD524
INFO: [VRFC 10-311] analyzing module RAM32X1S_HD525
INFO: [VRFC 10-311] analyzing module RAM64X1S_UNIQ_BASE_
INFO: [VRFC 10-311] analyzing module RAM64X1S_HD526
INFO: [VRFC 10-311] analyzing module RAM64X1S_HD527
INFO: [VRFC 10-311] analyzing module RAM64X1S_HD528
INFO: [VRFC 10-311] analyzing module RAM64X1S_HD529
INFO: [VRFC 10-311] analyzing module RAM64X1S_HD530
INFO: [VRFC 10-311] analyzing module RAM64X1S_HD531
INFO: [VRFC 10-311] analyzing module RAM64X1S_HD532
INFO: [VRFC 10-311] analyzing module RAM64X1S_HD533
INFO: [VRFC 10-311] analyzing module RAM64X1S_HD534
INFO: [VRFC 10-311] analyzing module RAM64X1S_HD535
INFO: [VRFC 10-311] analyzing module RAM64X1S_HD536
INFO: [VRFC 10-311] analyzing module RAM64X1S_HD537
INFO: [VRFC 10-311] analyzing module RAM64X1S_HD538
INFO: [VRFC 10-311] analyzing module RAM64X1S_HD539
INFO: [VRFC 10-311] analyzing module RAM64X1S_HD540
INFO: [VRFC 10-311] analyzing module Compute
INFO: [VRFC 10-311] analyzing module Controller
INFO: [VRFC 10-311] analyzing module Counter
INFO: [VRFC 10-311] analyzing module Counter_0
INFO: [VRFC 10-311] analyzing module Datapath
INFO: [VRFC 10-311] analyzing module IntegralImage
INFO: [VRFC 10-311] analyzing module Memory
INFO: [VRFC 10-311] analyzing module Regn
INFO: [VRFC 10-311] analyzing module Regn_1
INFO: [VRFC 10-311] analyzing module Regn_2
INFO: [VRFC 10-311] analyzing module Regn_3
INFO: [VRFC 10-311] analyzing module glbl
